#
# A fatal error has been detected by the Java Runtime Environment:
#
#  EXCEPTION_ACCESS_VIOLATION (0xc0000005) at pc=0x000002d3221e14e7, pid=15380, tid=23828
#
# JRE version: Java(TM) SE Runtime Environment (21.0.1+12) (build 21.0.1+12-LTS-29)
# Java VM: Java HotSpot(TM) 64-Bit Server VM (21.0.1+12-LTS-29, mixed mode, sharing, tiered, compressed oops, compressed class ptrs, g1 gc, windows-amd64)
# Problematic frame:
# J 1020 c2 jdk.internal.misc.ScopedMemoryAccess.getByte(Ljdk/internal/foreign/MemorySessionImpl;Ljava/lang/Object;J)B java.base@21.0.1 (16 bytes) @ 0x000002d3221e14e7 [0x000002d3221e14a0+0x0000000000000047]
#
# No core dump will be written. Minidumps are not enabled by default on client versions of Windows
#
# If you would like to submit a bug report, please visit:
#   https://bugreport.java.com/bugreport/crash.jsp
#

---------------  S U M M A R Y ------------

Command Line: -Dfile.encoding=UTF-8 --module-path=D:\BaitaplonJava\build\classes baitaplonjava.VideoClientSwing

Host: 11th Gen Intel(R) Core(TM) i5-11400H @ 2.70GHz, 12 cores, 15G,  Windows 11 , 64 bit Build 26100 (10.0.26100.2161)
Time: Tue Nov 26 18:44:02 2024 SE Asia Standard Time elapsed time: 16.463183 seconds (0d 0h 0m 16s)

---------------  T H R E A D  ---------------

Current thread (0x000002d377919640):  JavaThread "AWT-EventQueue-0"        [_thread_in_Java, id=23828, stack(0x000000d5bf100000,0x000000d5bf200000) (1024K)]

Stack: [0x000000d5bf100000,0x000000d5bf200000],  sp=0x000000d5bf1feb70,  free space=1018k
Native frames: (J=compiled Java code, j=interpreted, Vv=VM code, C=native code)
C  0x000002d3221e14e7

The last pc belongs to nmethod (printed below).

siginfo: EXCEPTION_ACCESS_VIOLATION (0xc0000005), reading address 0x000002d37c522080


Registers:
RAX=0x0000000000000000, RBX=0x000002d3321c5560, RCX=0x000000070b2d9020, RDX=0x00000007044123d0
RSP=0x000000d5bf1feb70, RBP=0x000000070b2d9020, RSI=0x0000000000000000, RDI=0x000002d37c522080
R8 =0x0000000000000000, R9 =0x0000000000000000, R10=0x000002d37c522080, R11=0x000000070b2d9020
R12=0x0000000000000000, R13=0x000000d5bf1febf0, R14=0x0000000000000000, R15=0x000002d377919640
RIP=0x000002d3221e14e7, EFLAGS=0x0000000000010246


Register to memory mapping:

RAX=0x0 is null
RBX={method} {0x000002d3321c5568} 'get' '(I)B' in 'java/nio/DirectByteBuffer'
RCX=0x000000070b2d9020 is an oop: java.nio.DirectByteBuffer 
{0x000000070b2d9020} - klass: 'java/nio/DirectByteBuffer'
 - ---- fields (total size 8 words):
 - private 'mark' 'I' @12  -1 (0xffffffff)
 - 'address' 'J' @16  3107347112064 (0x000002d37c522080)
 - private 'position' 'I' @24  0 (0x00000000)
 - private 'limit' 'I' @28  4866048 (0x004a4000)
 - private final 'capacity' 'I' @32  4866048 (0x004a4000)
 - final 'segment' 'Ljava/lang/foreign/MemorySegment;' @36  null (0x00000000)
 - final 'offset' 'I' @40  0 (0x00000000)
 - 'isReadOnly' 'Z' @44  false (0x00)
 - 'bigEndian' 'Z' @45  false (0x00)
 - 'nativeByteOrder' 'Z' @46  true (0x01)
 - final 'hb' '[B' @48  null (0x00000000)
 - private final 'isSync' 'Z' @47  false (0x00)
 - private final 'fd' 'Ljava/io/FileDescriptor;' @52  null (0x00000000)
 - private final 'att' 'Ljava/lang/Object;' @56  null (0x00000000)
 - private final 'cleaner' 'Ljdk/internal/ref/Cleaner;' @60  null (0x00000000)
RDX=0x00000007044123d0 is an oop: jdk.internal.misc.ScopedMemoryAccess 
{0x00000007044123d0} - klass: 'jdk/internal/misc/ScopedMemoryAccess'
 - ---- fields (total size 2 words):
RSP=0x000000d5bf1feb70 is pointing into the stack for thread: 0x000002d377919640
RBP=0x000000070b2d9020 is an oop: java.nio.DirectByteBuffer 
{0x000000070b2d9020} - klass: 'java/nio/DirectByteBuffer'
 - ---- fields (total size 8 words):
 - private 'mark' 'I' @12  -1 (0xffffffff)
 - 'address' 'J' @16  3107347112064 (0x000002d37c522080)
 - private 'position' 'I' @24  0 (0x00000000)
 - private 'limit' 'I' @28  4866048 (0x004a4000)
 - private final 'capacity' 'I' @32  4866048 (0x004a4000)
 - final 'segment' 'Ljava/lang/foreign/MemorySegment;' @36  null (0x00000000)
 - final 'offset' 'I' @40  0 (0x00000000)
 - 'isReadOnly' 'Z' @44  false (0x00)
 - 'bigEndian' 'Z' @45  false (0x00)
 - 'nativeByteOrder' 'Z' @46  true (0x01)
 - final 'hb' '[B' @48  null (0x00000000)
 - private final 'isSync' 'Z' @47  false (0x00)
 - private final 'fd' 'Ljava/io/FileDescriptor;' @52  null (0x00000000)
 - private final 'att' 'Ljava/lang/Object;' @56  null (0x00000000)
 - private final 'cleaner' 'Ljdk/internal/ref/Cleaner;' @60  null (0x00000000)
RSI=0x0 is null
RDI=0x000002d37c522080 is an unknown value
R8 =0x0 is null
R9 =0x0 is null
R10=0x000002d37c522080 is an unknown value
R11=0x000000070b2d9020 is an oop: java.nio.DirectByteBuffer 
{0x000000070b2d9020} - klass: 'java/nio/DirectByteBuffer'
 - ---- fields (total size 8 words):
 - private 'mark' 'I' @12  -1 (0xffffffff)
 - 'address' 'J' @16  3107347112064 (0x000002d37c522080)
 - private 'position' 'I' @24  0 (0x00000000)
 - private 'limit' 'I' @28  4866048 (0x004a4000)
 - private final 'capacity' 'I' @32  4866048 (0x004a4000)
 - final 'segment' 'Ljava/lang/foreign/MemorySegment;' @36  null (0x00000000)
 - final 'offset' 'I' @40  0 (0x00000000)
 - 'isReadOnly' 'Z' @44  false (0x00)
 - 'bigEndian' 'Z' @45  false (0x00)
 - 'nativeByteOrder' 'Z' @46  true (0x01)
 - final 'hb' '[B' @48  null (0x00000000)
 - private final 'isSync' 'Z' @47  false (0x00)
 - private final 'fd' 'Ljava/io/FileDescriptor;' @52  null (0x00000000)
 - private final 'att' 'Ljava/lang/Object;' @56  null (0x00000000)
 - private final 'cleaner' 'Ljdk/internal/ref/Cleaner;' @60  null (0x00000000)
R12=0x0 is null
R13=0x000000d5bf1febf0 is pointing into the stack for thread: 0x000002d377919640
R14=0x0 is null
R15=0x000002d377919640 is a thread

Top of Stack: (sp=0x000000d5bf1feb70)
0x000000d5bf1feb70:   0000000000000000 000000d5bf1feb78
0x000000d5bf1feb80:   000002d37387e001 000002d377919640
0x000000d5bf1feb90:   0000000000000069 00007ffd6d355ada
0x000000d5bf1feba0:   000000070b2d9020 000002d3221e0dcc
0x000000d5bf1febb0:   000000d5bf1fec48 000002d321c098c0
0x000000d5bf1febc0:   0000000000000000 00000000000000b6
0x000000d5bf1febd0:   00000000000000bc 0000000000000000
0x000000d5bf1febe0:   000000d5bf1fec48 000002d321bf896e
0x000000d5bf1febf0:   0000000000000000 000000070b2d9020
0x000000d5bf1fec00:   000000d5bf1fec00 000002d37387ddb9
0x000000d5bf1fec10:   0000000000000014 000002d373881850
0x000000d5bf1fec20:   0000000000000000 000000070aa08ea0
0x000000d5bf1fec30:   000002d37387e060 000000d5bf1febf0
0x000000d5bf1fec40:   000000d5bf1fec98 000000d5bf1fed38
0x000000d5bf1fec50:   000002d321bf8846 0000000000000000
0x000000d5bf1fec60:   0000000000000000 0000000000000000
0x000000d5bf1fec70:   0000000000000000 000000070b2db128
0x000000d5bf1fec80:   0000000000000000 0000000000000000
0x000000d5bf1fec90:   0000000000001080 0000000000000000
0x000000d5bf1feca0:   0000000000000000 3ff0000000000000
0x000000d5bf1fecb0:   0000000000000000 0000000000000000
0x000000d5bf1fecc0:   0000000000001080 0000000000000000
0x000000d5bf1fecd0:   000000070b2db0f0 0000000000001080
0x000000d5bf1fece0:   0000000000000001 000000070b2d9020
0x000000d5bf1fecf0:   000000d5bf1fecf0 000002d37387f65e
0x000000d5bf1fed00:   0000000000000013 000002d373881850
0x000000d5bf1fed10:   0000000000000000 000000070aa08ea0
0x000000d5bf1fed20:   000002d37387f908 000000d5bf1fec98
0x000000d5bf1fed30:   000000d5bf1feda8 000000d5bf1fee20
0x000000d5bf1fed40:   000002d321bf8846 0000000000000000
0x000000d5bf1fed50:   0000000706000000 0000000000000000
0x000000d5bf1fed60:   0000000000000003 0000000000001080 

Instructions: (pc=0x000002d3221e14e7)
0x000002d3221e13e7:   00 00 00 00 00 00 00 00 00 a0 14 1e 22 d3 02 00
0x000002d3221e13f7:   00 c0 14 1e 22 d3 02 00 00 a0 14 1e 22 d3 02 00
0x000002d3221e1407:   00 00 00 00 00 00 00 00 00 ff ff ff ff 50 02 00
0x000002d3221e1417:   00 ff ff ff ff 90 01 00 00 50 02 00 00 68 02 00
0x000002d3221e1427:   00 70 02 00 00 00 00 00 00 d0 02 00 00 10 03 00
0x000002d3221e1437:   00 18 03 00 00 18 03 00 00 18 03 00 00 18 03 00
0x000002d3221e1447:   00 18 03 00 00 20 00 00 00 fc 03 00 00 02 00 00
0x000002d3221e1457:   00 ff ff ff ff ff ff ff ff 04 02 00 00 00 00 00
0x000002d3221e1467:   00 10 00 00 00 00 00 00 00 14 30 3c 58 23 31 05
0x000002d3221e1477:   80 17 31 05 80 4c 78 08 40 11 31 05 31 0e 00 00
0x000002d3221e1487:   31 0f 31 00 00 00 00 00 00 00 00 00 00 00 00 00
0x000002d3221e1497:   00 00 00 00 00 00 00 00 00 44 8b 52 08 49 bb 00
0x000002d3221e14a7:   00 00 32 d3 02 00 00 4d 03 d3 49 3b c2 0f 85 c6
0x000002d3221e14b7:   d4 a5 ff 66 90 0f 1f 40 00 89 84 24 00 80 ff ff
0x000002d3221e14c7:   55 48 83 ec 30 41 81 7f 20 01 00 00 00 0f 85 78
0x000002d3221e14d7:   00 00 00 4d 85 c0 75 1f 4d 85 c9 75 3c 4c 8b d7
0x000002d3221e14e7:   41 0f be 02 48 83 c4 30 5d 49 3b a7 50 04 00 00
0x000002d3221e14f7:   0f 87 3f 00 00 00 c3 ba 54 ff ff ff 4c 89 0c 24
0x000002d3221e1507:   48 89 7c 24 08 4c 89 44 24 10 66 90 e8 e8 67 a6
0x000002d3221e1517:   ff 0f 1f 84 00 08 02 00 00 ba 54 ff ff ff 49 8b
0x000002d3221e1527:   e9 48 89 3c 24 66 66 90 e8 cc 67 a6 ff 0f 1f 84
0x000002d3221e1537:   00 24 02 00 01 49 ba f0 14 1e 22 d3 02 00 00 4d
0x000002d3221e1547:   89 97 68 04 00 00 e9 2e 56 a6 ff e8 29 48 a4 ff
0x000002d3221e1557:   e9 7e ff ff ff f4 f4 f4 f4 e9 9b f5 b3 ff e8 00
0x000002d3221e1567:   00 00 00 48 83 2c 24 05 e9 ac 6a a6 ff f4 f4 f4
0x000002d3221e1577:   f4 a8 18 40 04 07 00 00 00 90 21 08 32 d3 02 00
0x000002d3221e1587:   00 18 66 08 32 d3 02 00 00 ff 07 01 01 01 01 01
0x000002d3221e1597:   01 01 01 01 01 01 01 01 02 06 02 01 01 08 01 01
0x000002d3221e15a7:   01 83 01 03 02 01 01 45 01 01 01 01 02 01 83 0f
0x000002d3221e15b7:   03 03 15 24 01 08 01 01 03 01 01 01 01 01 01 01
0x000002d3221e15c7:   01 01 01 01 05 03 02 01 d3 03 02 01 01 05 0f 03
0x000002d3221e15d7:   0f 2d 3c 01 00 00 00 00 00 ff ff ff ff 00 00 00 


Stack slot to memory mapping:

stack at sp + 0 slots: 0x0 is null
stack at sp + 1 slots: 0x000000d5bf1feb78 is pointing into the stack for thread: 0x000002d377919640
stack at sp + 2 slots: 0x000002d37387e001 is pointing into metadata
stack at sp + 3 slots: 0x000002d377919640 is a thread
stack at sp + 4 slots: 0x0000000000000069 is an unknown value
stack at sp + 5 slots: 0x00007ffd6d355ada jvm.dll
stack at sp + 6 slots: 0x000000070b2d9020 is an oop: java.nio.DirectByteBuffer 
{0x000000070b2d9020} - klass: 'java/nio/DirectByteBuffer'
 - ---- fields (total size 8 words):
 - private 'mark' 'I' @12  -1 (0xffffffff)
 - 'address' 'J' @16  3107347112064 (0x000002d37c522080)
 - private 'position' 'I' @24  0 (0x00000000)
 - private 'limit' 'I' @28  4866048 (0x004a4000)
 - private final 'capacity' 'I' @32  4866048 (0x004a4000)
 - final 'segment' 'Ljava/lang/foreign/MemorySegment;' @36  null (0x00000000)
 - final 'offset' 'I' @40  0 (0x00000000)
 - 'isReadOnly' 'Z' @44  false (0x00)
 - 'bigEndian' 'Z' @45  false (0x00)
 - 'nativeByteOrder' 'Z' @46  true (0x01)
 - final 'hb' '[B' @48  null (0x00000000)
 - private final 'isSync' 'Z' @47  false (0x00)
 - private final 'fd' 'Ljava/io/FileDescriptor;' @52  null (0x00000000)
 - private final 'att' 'Ljava/lang/Object;' @56  null (0x00000000)
 - private final 'cleaner' 'Ljdk/internal/ref/Cleaner;' @60  null (0x00000000)
stack at sp + 7 slots: 0x000002d3221e0dcc is at entry_point+140 in (nmethod*)0x000002d3221e0b90
Compiled method (c2)   16493 1007   !   4       java.nio.DirectByteBuffer::get (34 bytes)
 total in heap  [0x000002d3221e0b90,0x000002d3221e0fd8] = 1096
 relocation     [0x000002d3221e0cf0,0x000002d3221e0d30] = 64
 main code      [0x000002d3221e0d40,0x000002d3221e0e68] = 296
 stub code      [0x000002d3221e0e68,0x000002d3221e0ea0] = 56
 oops           [0x000002d3221e0ea0,0x000002d3221e0eb0] = 16
 metadata       [0x000002d3221e0eb0,0x000002d3221e0ed0] = 32
 scopes data    [0x000002d3221e0ed0,0x000002d3221e0f30] = 96
 scopes pcs     [0x000002d3221e0f30,0x000002d3221e0fa0] = 112
 dependencies   [0x000002d3221e0fa0,0x000002d3221e0fa8] = 8
 handler table  [0x000002d3221e0fa8,0x000002d3221e0fd8] = 48


Compiled method (c2)   16494 1020   !   4       jdk.internal.misc.ScopedMemoryAccess::getByte (16 bytes)
 total in heap  [0x000002d3221e1310,0x000002d3221e1628] = 792
 relocation     [0x000002d3221e1470,0x000002d3221e1490] = 32
 main code      [0x000002d3221e14a0,0x000002d3221e1560] = 192
 stub code      [0x000002d3221e1560,0x000002d3221e1578] = 24
 oops           [0x000002d3221e1578,0x000002d3221e1580] = 8
 metadata       [0x000002d3221e1580,0x000002d3221e1590] = 16
 scopes data    [0x000002d3221e1590,0x000002d3221e15e0] = 80
 scopes pcs     [0x000002d3221e15e0,0x000002d3221e1620] = 64
 dependencies   [0x000002d3221e1620,0x000002d3221e1628] = 8

[Constant Pool (empty)]

[MachCode]
[Entry Point]
  # {method} {0x000002d332082198} 'getByte' '(Ljdk/internal/foreign/MemorySessionImpl;Ljava/lang/Object;J)B' in 'jdk/internal/misc/ScopedMemoryAccess'
  # this:     rdx:rdx   = 'jdk/internal/misc/ScopedMemoryAccess'
  # parm0:    r8:r8     = 'jdk/internal/foreign/MemorySessionImpl'
  # parm1:    r9:r9     = 'java/lang/Object'
  # parm2:    rdi:rdi   = long
  #           [sp+0x40]  (sp of caller)
  0x000002d3221e14a0: 448b 5208 | 49bb 0000 | 0032 d302 | 0000 4d03 | d349 3bc2 

  0x000002d3221e14b4: ;   {runtime_call ic_miss_stub}
  0x000002d3221e14b4: 0f85 c6d4 | a5ff 6690 | 0f1f 4000 
[Verified Entry Point]
  0x000002d3221e14c0: 8984 2400 | 80ff ff55 | 4883 ec30 | 4181 7f20 | 0100 0000 | 0f85 7800 | 0000 4d85 | c075 1f4d 
  0x000002d3221e14e0: 85c9 753c | 4c8b d741 | 0fbe 0248 | 83c4 305d 

  0x000002d3221e14f0: ;   {poll_return}
  0x000002d3221e14f0: 493b a750 | 0400 000f | 873f 0000 | 00c3 ba54 | ffff ff4c | 890c 2448 | 897c 2408 | 4c89 4424 
  0x000002d3221e1510: ;   {runtime_call UncommonTrapBlob}
  0x000002d3221e1510: 1066 90e8 

  0x000002d3221e1514: ; ImmutableOopMap {[0]=Oop [16]=Oop }
                      ;*ifnull {reexecute=1 rethrow=0 return_oop=0}
                      ; - (reexecute) jdk.internal.misc.ScopedMemoryAccess::getByteInternal@1 (line 525)
                      ; - jdk.internal.misc.ScopedMemoryAccess::getByte@4 (line 516)
  0x000002d3221e1514: e867 a6ff 

  0x000002d3221e1518: ;   {other}
  0x000002d3221e1518: 0f1f 8400 | 0802 0000 | ba54 ffff | ff49 8be9 | 4889 3c24 

  0x000002d3221e152c: ;   {runtime_call UncommonTrapBlob}
  0x000002d3221e152c: 6666 90e8 

  0x000002d3221e1530: ; ImmutableOopMap {rbp=Oop }
                      ;*invokevirtual getByte {reexecute=0 rethrow=0 return_oop=0}
                      ; - jdk.internal.misc.ScopedMemoryAccess::getByteInternal@13 (line 528)
                      ; - jdk.internal.misc.ScopedMemoryAccess::getByte@4 (line 516)
  0x000002d3221e1530: cc67 a6ff 

  0x000002d3221e1534: ;   {other}
  0x000002d3221e1534: 0f1f 8400 | 2402 0001 

  0x000002d3221e153c: ;   {internal_word}
  0x000002d3221e153c: 49ba f014 | 1e22 d302 | 0000 4d89 | 9768 0400 

  0x000002d3221e154c: ;   {runtime_call SafepointBlob}
  0x000002d3221e154c: 00e9 2e56 

  0x000002d3221e1550: ;   {runtime_call StubRoutines (final stubs)}
  0x000002d3221e1550: a6ff e829 | 48a4 ffe9 | 7eff ffff | f4f4 f4f4 
[Exception Handler]
  0x000002d3221e1560: ;   {no_reloc}
  0x000002d3221e1560: e99b f5b3 | ffe8 0000 | 0000 4883 

  0x000002d3221e156c: ;   {runtime_call DeoptimizationBlob}
  0x000002d3221e156c: 2c24 05e9 | ac6a a6ff | f4f4 f4f4 
[/MachCode]


---------------  P R O C E S S  ---------------

Threads class SMR info:
_java_thread_list=0x000002d379aa5000, length=16, elements={
0x000002d331ee4cd0, 0x000002d331ee7740, 0x000002d331ee82d0, 0x000002d331ee90c0,
0x000002d331ee9c50, 0x000002d331eea930, 0x000002d331ef8000, 0x000002d331efa400,
0x000002d3771c6030, 0x000002d3772bb4b0, 0x000002d3778fa610, 0x000002d3778feca0,
0x000002d377900320, 0x000002d377919640, 0x000002d3121df8f0, 0x000002d3796b5070
}

Java Threads: ( => current thread )
  0x000002d331ee4cd0 JavaThread "Reference Handler"          daemon [_thread_blocked, id=17976, stack(0x000000d5be200000,0x000000d5be300000) (1024K)]
  0x000002d331ee7740 JavaThread "Finalizer"                  daemon [_thread_blocked, id=19560, stack(0x000000d5be300000,0x000000d5be400000) (1024K)]
  0x000002d331ee82d0 JavaThread "Signal Dispatcher"          daemon [_thread_blocked, id=15512, stack(0x000000d5be400000,0x000000d5be500000) (1024K)]
  0x000002d331ee90c0 JavaThread "Attach Listener"            daemon [_thread_blocked, id=14996, stack(0x000000d5be500000,0x000000d5be600000) (1024K)]
  0x000002d331ee9c50 JavaThread "Service Thread"             daemon [_thread_blocked, id=23512, stack(0x000000d5be600000,0x000000d5be700000) (1024K)]
  0x000002d331eea930 JavaThread "Monitor Deflation Thread"   daemon [_thread_blocked, id=10920, stack(0x000000d5be700000,0x000000d5be800000) (1024K)]
  0x000002d331ef8000 JavaThread "C2 CompilerThread0"         daemon [_thread_blocked, id=7324, stack(0x000000d5be800000,0x000000d5be900000) (1024K)]
  0x000002d331efa400 JavaThread "C1 CompilerThread0"         daemon [_thread_blocked, id=19060, stack(0x000000d5be900000,0x000000d5bea00000) (1024K)]
  0x000002d3771c6030 JavaThread "Common-Cleaner"             daemon [_thread_blocked, id=7616, stack(0x000000d5bea00000,0x000000d5beb00000) (1024K)]
  0x000002d3772bb4b0 JavaThread "Notification Thread"        daemon [_thread_blocked, id=21660, stack(0x000000d5beb00000,0x000000d5bec00000) (1024K)]
  0x000002d3778fa610 JavaThread "Java2D Disposer"            daemon [_thread_blocked, id=22024, stack(0x000000d5bee00000,0x000000d5bef00000) (1024K)]
  0x000002d3778feca0 JavaThread "AWT-Shutdown"                      [_thread_blocked, id=6064, stack(0x000000d5bef00000,0x000000d5bf000000) (1024K)]
  0x000002d377900320 JavaThread "AWT-Windows"                daemon [_thread_in_native, id=8332, stack(0x000000d5bf000000,0x000000d5bf100000) (1024K)]
=>0x000002d377919640 JavaThread "AWT-EventQueue-0"                  [_thread_in_Java, id=23828, stack(0x000000d5bf100000,0x000000d5bf200000) (1024K)]
  0x000002d3121df8f0 JavaThread "DestroyJavaVM"                     [_thread_blocked, id=16256, stack(0x000000d5bda00000,0x000000d5bdb00000) (1024K)]
  0x000002d3796b5070 JavaThread "JavaCPP Deallocator"        daemon [_thread_blocked, id=23532, stack(0x000000d5bf900000,0x000000d5bfa00000) (1024K)]
Total: 16

Other Threads:
  0x000002d331ec46f0 VMThread "VM Thread"                           [id=3272, stack(0x000000d5be100000,0x000000d5be200000) (1024K)]
  0x000002d331eac2b0 WatcherThread "VM Periodic Task Thread"        [id=22864, stack(0x000000d5be000000,0x000000d5be100000) (1024K)]
  0x000002d31223df00 WorkerThread "GC Thread#0"                     [id=12676, stack(0x000000d5bdb00000,0x000000d5bdc00000) (1024K)]
  0x000002d377ada3b0 WorkerThread "GC Thread#1"                     [id=14444, stack(0x000000d5bf200000,0x000000d5bf300000) (1024K)]
  0x000002d377ada750 WorkerThread "GC Thread#2"                     [id=16388, stack(0x000000d5bf300000,0x000000d5bf400000) (1024K)]
  0x000002d379751ec0 WorkerThread "GC Thread#3"                     [id=22224, stack(0x000000d5bf400000,0x000000d5bf500000) (1024K)]
  0x000002d3797c4130 WorkerThread "GC Thread#4"                     [id=12168, stack(0x000000d5bf500000,0x000000d5bf600000) (1024K)]
  0x000002d37715a700 WorkerThread "GC Thread#5"                     [id=25240, stack(0x000000d5bf600000,0x000000d5bf700000) (1024K)]
  0x000002d377c1aa90 WorkerThread "GC Thread#6"                     [id=19928, stack(0x000000d5bf700000,0x000000d5bf800000) (1024K)]
  0x000002d3795873b0 WorkerThread "GC Thread#7"                     [id=20424, stack(0x000000d5bf800000,0x000000d5bf900000) (1024K)]
  0x000002d37957d6d0 WorkerThread "GC Thread#8"                     [id=25128, stack(0x000000d5bec00000,0x000000d5bed00000) (1024K)]
  0x000002d37957d330 WorkerThread "GC Thread#9"                     [id=16128, stack(0x000000d5bed00000,0x000000d5bee00000) (1024K)]
  0x000002d31224f9c0 ConcurrentGCThread "G1 Main Marker"            [id=24620, stack(0x000000d5bdc00000,0x000000d5bdd00000) (1024K)]
  0x000002d312252e70 WorkerThread "G1 Conc#0"                       [id=22432, stack(0x000000d5bdd00000,0x000000d5bde00000) (1024K)]
  0x000002d331d79da0 ConcurrentGCThread "G1 Refine#0"               [id=17592, stack(0x000000d5bde00000,0x000000d5bdf00000) (1024K)]
  0x000002d331d7a5c0 ConcurrentGCThread "G1 Service"                [id=20372, stack(0x000000d5bdf00000,0x000000d5be000000) (1024K)]
Total: 16

Threads with active compile tasks:
Total: 0

VM state: not at safepoint (normal execution)

VM Mutex/Monitor currently owned by a thread: None

Heap address: 0x0000000704400000, size: 4028 MB, Compressed Oops mode: Zero based, Oop shift amount: 3

CDS archive(s) mapped at: [0x000002d332000000-0x000002d332c90000-0x000002d332c90000), size 13172736, SharedBaseAddress: 0x000002d332000000, ArchiveRelocationMode: 1.
Compressed class space mapped at: 0x000002d333000000-0x000002d373000000, reserved size: 1073741824
Narrow klass base: 0x000002d332000000, Narrow klass shift: 0, Narrow klass range: 0x100000000

GC Precious Log:
 CardTable entry size: 512
 Card Set container configuration: InlinePtr #cards 4 size 8 Array Of Cards #cards 16 size 48 Howl #buckets 8 coarsen threshold 3686 Howl Bitmap #cards 512 size 80 coarsen threshold 460 Card regions per heap region 1 cards per card region 4096
 CPUs: 12 total, 12 available
 Memory: 16105M
 Large Page Support: Disabled
 NUMA Support: Disabled
 Compressed Oops: Enabled (Zero based)
 Heap Region Size: 2M
 Heap Min Capacity: 8M
 Heap Initial Capacity: 252M
 Heap Max Capacity: 4028M
 Pre-touch: Disabled
 Parallel Workers: 10
 Concurrent Workers: 3
 Concurrent Refinement Workers: 10
 Periodic GC: Disabled

Heap:
 garbage-first heap   total 258048K, used 182501K [0x0000000704400000, 0x0000000800000000)
  region size 2048K, 75 young (153600K), 4 survivors (8192K)
 Metaspace       used 9750K, committed 9984K, reserved 1114112K
  class space    used 968K, committed 1088K, reserved 1048576K

Heap Regions: E=young(eden), S=young(survivor), O=old, HS=humongous(starts), HC=humongous(continues), CS=collection set, F=free, TAMS=top-at-mark-start, PB=parsable bottom
|   0|0x0000000704400000, 0x0000000704600000, 0x0000000704600000|100%| O|  |TAMS 0x0000000704400000| PB 0x0000000704400000| Untracked 
|   1|0x0000000704600000, 0x00000007047e4090, 0x0000000704800000| 94%| O|  |TAMS 0x0000000704600000| PB 0x0000000704600000| Untracked 
|   2|0x0000000704800000, 0x0000000704800000, 0x0000000704a00000|  0%| F|  |TAMS 0x0000000704800000| PB 0x0000000704800000| Untracked 
|   3|0x0000000704a00000, 0x0000000704c00000, 0x0000000704c00000|100%|HS|  |TAMS 0x0000000704a00000| PB 0x0000000704a00000| Complete 
|   4|0x0000000704c00000, 0x0000000704e00000, 0x0000000704e00000|100%|HC|  |TAMS 0x0000000704c00000| PB 0x0000000704c00000| Complete 
|   5|0x0000000704e00000, 0x0000000705000000, 0x0000000705000000|100%|HS|  |TAMS 0x0000000704e00000| PB 0x0000000704e00000| Complete 
|   6|0x0000000705000000, 0x0000000705200000, 0x0000000705200000|100%|HC|  |TAMS 0x0000000705000000| PB 0x0000000705000000| Complete 
|   7|0x0000000705200000, 0x0000000705400000, 0x0000000705400000|100%|HC|  |TAMS 0x0000000705200000| PB 0x0000000705200000| Complete 
|   8|0x0000000705400000, 0x0000000705600000, 0x0000000705600000|100%|HS|  |TAMS 0x0000000705400000| PB 0x0000000705400000| Complete 
|   9|0x0000000705600000, 0x0000000705800000, 0x0000000705800000|100%|HC|  |TAMS 0x0000000705600000| PB 0x0000000705600000| Complete 
|  10|0x0000000705800000, 0x0000000705a00000, 0x0000000705a00000|100%|HC|  |TAMS 0x0000000705800000| PB 0x0000000705800000| Complete 
|  11|0x0000000705a00000, 0x0000000705c00000, 0x0000000705c00000|100%|HC|  |TAMS 0x0000000705a00000| PB 0x0000000705a00000| Complete 
|  12|0x0000000705c00000, 0x0000000705e00000, 0x0000000705e00000|100%|HC|  |TAMS 0x0000000705c00000| PB 0x0000000705c00000| Complete 
|  13|0x0000000705e00000, 0x0000000706000000, 0x0000000706000000|100%|HC|  |TAMS 0x0000000705e00000| PB 0x0000000705e00000| Complete 
|  14|0x0000000706000000, 0x0000000706200000, 0x0000000706200000|100%|HS|  |TAMS 0x0000000706000000| PB 0x0000000706000000| Complete 
|  15|0x0000000706200000, 0x0000000706400000, 0x0000000706400000|100%|HC|  |TAMS 0x0000000706200000| PB 0x0000000706200000| Complete 
|  16|0x0000000706400000, 0x0000000706600000, 0x0000000706600000|100%|HC|  |TAMS 0x0000000706400000| PB 0x0000000706400000| Complete 
|  17|0x0000000706600000, 0x0000000706600000, 0x0000000706800000|  0%| F|  |TAMS 0x0000000706600000| PB 0x0000000706600000| Untracked 
|  18|0x0000000706800000, 0x0000000706800000, 0x0000000706a00000|  0%| F|  |TAMS 0x0000000706800000| PB 0x0000000706800000| Untracked 
|  19|0x0000000706a00000, 0x0000000706a00000, 0x0000000706c00000|  0%| F|  |TAMS 0x0000000706a00000| PB 0x0000000706a00000| Untracked 
|  20|0x0000000706c00000, 0x0000000706c00000, 0x0000000706e00000|  0%| F|  |TAMS 0x0000000706c00000| PB 0x0000000706c00000| Untracked 
|  21|0x0000000706e00000, 0x0000000706e00000, 0x0000000707000000|  0%| F|  |TAMS 0x0000000706e00000| PB 0x0000000706e00000| Untracked 
|  22|0x0000000707000000, 0x0000000707000000, 0x0000000707200000|  0%| F|  |TAMS 0x0000000707000000| PB 0x0000000707000000| Untracked 
|  23|0x0000000707200000, 0x0000000707200000, 0x0000000707400000|  0%| F|  |TAMS 0x0000000707200000| PB 0x0000000707200000| Untracked 
|  24|0x0000000707400000, 0x0000000707400000, 0x0000000707600000|  0%| F|  |TAMS 0x0000000707400000| PB 0x0000000707400000| Untracked 
|  25|0x0000000707600000, 0x0000000707600000, 0x0000000707800000|  0%| F|  |TAMS 0x0000000707600000| PB 0x0000000707600000| Untracked 
|  26|0x0000000707800000, 0x0000000707800000, 0x0000000707a00000|  0%| F|  |TAMS 0x0000000707800000| PB 0x0000000707800000| Untracked 
|  27|0x0000000707a00000, 0x0000000707a00000, 0x0000000707c00000|  0%| F|  |TAMS 0x0000000707a00000| PB 0x0000000707a00000| Untracked 
|  28|0x0000000707c00000, 0x0000000707c00000, 0x0000000707e00000|  0%| F|  |TAMS 0x0000000707c00000| PB 0x0000000707c00000| Untracked 
|  29|0x0000000707e00000, 0x0000000707e00000, 0x0000000708000000|  0%| F|  |TAMS 0x0000000707e00000| PB 0x0000000707e00000| Untracked 
|  30|0x0000000708000000, 0x0000000708000000, 0x0000000708200000|  0%| F|  |TAMS 0x0000000708000000| PB 0x0000000708000000| Untracked 
|  31|0x0000000708200000, 0x0000000708200000, 0x0000000708400000|  0%| F|  |TAMS 0x0000000708200000| PB 0x0000000708200000| Untracked 
|  32|0x0000000708400000, 0x0000000708400000, 0x0000000708600000|  0%| F|  |TAMS 0x0000000708400000| PB 0x0000000708400000| Untracked 
|  33|0x0000000708600000, 0x0000000708600000, 0x0000000708800000|  0%| F|  |TAMS 0x0000000708600000| PB 0x0000000708600000| Untracked 
|  34|0x0000000708800000, 0x0000000708800000, 0x0000000708a00000|  0%| F|  |TAMS 0x0000000708800000| PB 0x0000000708800000| Untracked 
|  35|0x0000000708a00000, 0x0000000708a00000, 0x0000000708c00000|  0%| F|  |TAMS 0x0000000708a00000| PB 0x0000000708a00000| Untracked 
|  36|0x0000000708c00000, 0x0000000708c00000, 0x0000000708e00000|  0%| F|  |TAMS 0x0000000708c00000| PB 0x0000000708c00000| Untracked 
|  37|0x0000000708e00000, 0x0000000708e00000, 0x0000000709000000|  0%| F|  |TAMS 0x0000000708e00000| PB 0x0000000708e00000| Untracked 
|  38|0x0000000709000000, 0x0000000709000000, 0x0000000709200000|  0%| F|  |TAMS 0x0000000709000000| PB 0x0000000709000000| Untracked 
|  39|0x0000000709200000, 0x0000000709200000, 0x0000000709400000|  0%| F|  |TAMS 0x0000000709200000| PB 0x0000000709200000| Untracked 
|  40|0x0000000709400000, 0x0000000709400000, 0x0000000709600000|  0%| F|  |TAMS 0x0000000709400000| PB 0x0000000709400000| Untracked 
|  41|0x0000000709600000, 0x0000000709600000, 0x0000000709800000|  0%| F|  |TAMS 0x0000000709600000| PB 0x0000000709600000| Untracked 
|  42|0x0000000709800000, 0x0000000709800000, 0x0000000709a00000|  0%| F|  |TAMS 0x0000000709800000| PB 0x0000000709800000| Untracked 
|  43|0x0000000709a00000, 0x0000000709a00000, 0x0000000709c00000|  0%| F|  |TAMS 0x0000000709a00000| PB 0x0000000709a00000| Untracked 
|  44|0x0000000709c00000, 0x0000000709c00000, 0x0000000709e00000|  0%| F|  |TAMS 0x0000000709c00000| PB 0x0000000709c00000| Untracked 
|  45|0x0000000709e00000, 0x0000000709e00000, 0x000000070a000000|  0%| F|  |TAMS 0x0000000709e00000| PB 0x0000000709e00000| Untracked 
|  46|0x000000070a000000, 0x000000070a000000, 0x000000070a200000|  0%| F|  |TAMS 0x000000070a000000| PB 0x000000070a000000| Untracked 
|  47|0x000000070a200000, 0x000000070a255500, 0x000000070a400000| 16%| S|CS|TAMS 0x000000070a200000| PB 0x000000070a200000| Complete 
|  48|0x000000070a400000, 0x000000070a600000, 0x000000070a600000|100%| S|CS|TAMS 0x000000070a400000| PB 0x000000070a400000| Complete 
|  49|0x000000070a600000, 0x000000070a800000, 0x000000070a800000|100%| S|CS|TAMS 0x000000070a600000| PB 0x000000070a600000| Complete 
|  50|0x000000070a800000, 0x000000070a800000, 0x000000070aa00000|  0%| F|  |TAMS 0x000000070a800000| PB 0x000000070a800000| Untracked 
|  51|0x000000070aa00000, 0x000000070ac00000, 0x000000070ac00000|100%| S|CS|TAMS 0x000000070aa00000| PB 0x000000070aa00000| Complete 
|  52|0x000000070ac00000, 0x000000070ac00000, 0x000000070ae00000|  0%| F|  |TAMS 0x000000070ac00000| PB 0x000000070ac00000| Untracked 
|  53|0x000000070ae00000, 0x000000070ae00000, 0x000000070b000000|  0%| F|  |TAMS 0x000000070ae00000| PB 0x000000070ae00000| Untracked 
|  54|0x000000070b000000, 0x000000070b000000, 0x000000070b200000|  0%| F|  |TAMS 0x000000070b000000| PB 0x000000070b000000| Untracked 
|  55|0x000000070b200000, 0x000000070b301010, 0x000000070b400000| 50%| E|  |TAMS 0x000000070b200000| PB 0x000000070b200000| Complete 
|  56|0x000000070b400000, 0x000000070b600000, 0x000000070b600000|100%| E|CS|TAMS 0x000000070b400000| PB 0x000000070b400000| Complete 
|  57|0x000000070b600000, 0x000000070b800000, 0x000000070b800000|100%| E|CS|TAMS 0x000000070b600000| PB 0x000000070b600000| Complete 
|  58|0x000000070b800000, 0x000000070ba00000, 0x000000070ba00000|100%| E|CS|TAMS 0x000000070b800000| PB 0x000000070b800000| Complete 
|  59|0x000000070ba00000, 0x000000070bc00000, 0x000000070bc00000|100%| E|CS|TAMS 0x000000070ba00000| PB 0x000000070ba00000| Complete 
|  60|0x000000070bc00000, 0x000000070be00000, 0x000000070be00000|100%| E|CS|TAMS 0x000000070bc00000| PB 0x000000070bc00000| Complete 
|  61|0x000000070be00000, 0x000000070c000000, 0x000000070c000000|100%| E|CS|TAMS 0x000000070be00000| PB 0x000000070be00000| Complete 
|  62|0x000000070c000000, 0x000000070c200000, 0x000000070c200000|100%| E|CS|TAMS 0x000000070c000000| PB 0x000000070c000000| Complete 
|  63|0x000000070c200000, 0x000000070c400000, 0x000000070c400000|100%| E|CS|TAMS 0x000000070c200000| PB 0x000000070c200000| Complete 
|  64|0x000000070c400000, 0x000000070c600000, 0x000000070c600000|100%| E|CS|TAMS 0x000000070c400000| PB 0x000000070c400000| Complete 
|  65|0x000000070c600000, 0x000000070c800000, 0x000000070c800000|100%| E|CS|TAMS 0x000000070c600000| PB 0x000000070c600000| Complete 
|  66|0x000000070c800000, 0x000000070ca00000, 0x000000070ca00000|100%| E|CS|TAMS 0x000000070c800000| PB 0x000000070c800000| Complete 
|  67|0x000000070ca00000, 0x000000070cc00000, 0x000000070cc00000|100%| E|CS|TAMS 0x000000070ca00000| PB 0x000000070ca00000| Complete 
|  68|0x000000070cc00000, 0x000000070ce00000, 0x000000070ce00000|100%| E|CS|TAMS 0x000000070cc00000| PB 0x000000070cc00000| Complete 
|  69|0x000000070ce00000, 0x000000070d000000, 0x000000070d000000|100%| E|CS|TAMS 0x000000070ce00000| PB 0x000000070ce00000| Complete 
|  70|0x000000070d000000, 0x000000070d200000, 0x000000070d200000|100%| E|CS|TAMS 0x000000070d000000| PB 0x000000070d000000| Complete 
|  71|0x000000070d200000, 0x000000070d400000, 0x000000070d400000|100%| E|CS|TAMS 0x000000070d200000| PB 0x000000070d200000| Complete 
|  72|0x000000070d400000, 0x000000070d600000, 0x000000070d600000|100%| E|CS|TAMS 0x000000070d400000| PB 0x000000070d400000| Complete 
|  73|0x000000070d600000, 0x000000070d800000, 0x000000070d800000|100%| E|CS|TAMS 0x000000070d600000| PB 0x000000070d600000| Complete 
|  74|0x000000070d800000, 0x000000070da00000, 0x000000070da00000|100%| E|CS|TAMS 0x000000070d800000| PB 0x000000070d800000| Complete 
|  75|0x000000070da00000, 0x000000070dc00000, 0x000000070dc00000|100%| E|CS|TAMS 0x000000070da00000| PB 0x000000070da00000| Complete 
|  76|0x000000070dc00000, 0x000000070de00000, 0x000000070de00000|100%| E|CS|TAMS 0x000000070dc00000| PB 0x000000070dc00000| Complete 
|  77|0x000000070de00000, 0x000000070e000000, 0x000000070e000000|100%| E|CS|TAMS 0x000000070de00000| PB 0x000000070de00000| Complete 
|  78|0x000000070e000000, 0x000000070e200000, 0x000000070e200000|100%| E|CS|TAMS 0x000000070e000000| PB 0x000000070e000000| Complete 
|  79|0x000000070e200000, 0x000000070e400000, 0x000000070e400000|100%| E|CS|TAMS 0x000000070e200000| PB 0x000000070e200000| Complete 
|  80|0x000000070e400000, 0x000000070e600000, 0x000000070e600000|100%| E|CS|TAMS 0x000000070e400000| PB 0x000000070e400000| Complete 
|  81|0x000000070e600000, 0x000000070e800000, 0x000000070e800000|100%| E|CS|TAMS 0x000000070e600000| PB 0x000000070e600000| Complete 
|  82|0x000000070e800000, 0x000000070ea00000, 0x000000070ea00000|100%| E|CS|TAMS 0x000000070e800000| PB 0x000000070e800000| Complete 
|  83|0x000000070ea00000, 0x000000070ec00000, 0x000000070ec00000|100%| E|CS|TAMS 0x000000070ea00000| PB 0x000000070ea00000| Complete 
|  84|0x000000070ec00000, 0x000000070ee00000, 0x000000070ee00000|100%| E|CS|TAMS 0x000000070ec00000| PB 0x000000070ec00000| Complete 
|  85|0x000000070ee00000, 0x000000070f000000, 0x000000070f000000|100%| E|CS|TAMS 0x000000070ee00000| PB 0x000000070ee00000| Complete 
|  86|0x000000070f000000, 0x000000070f200000, 0x000000070f200000|100%| E|CS|TAMS 0x000000070f000000| PB 0x000000070f000000| Complete 
|  87|0x000000070f200000, 0x000000070f400000, 0x000000070f400000|100%| E|CS|TAMS 0x000000070f200000| PB 0x000000070f200000| Complete 
|  88|0x000000070f400000, 0x000000070f600000, 0x000000070f600000|100%| E|CS|TAMS 0x000000070f400000| PB 0x000000070f400000| Complete 
|  89|0x000000070f600000, 0x000000070f800000, 0x000000070f800000|100%| E|CS|TAMS 0x000000070f600000| PB 0x000000070f600000| Complete 
|  90|0x000000070f800000, 0x000000070fa00000, 0x000000070fa00000|100%| E|CS|TAMS 0x000000070f800000| PB 0x000000070f800000| Complete 
|  91|0x000000070fa00000, 0x000000070fc00000, 0x000000070fc00000|100%| E|CS|TAMS 0x000000070fa00000| PB 0x000000070fa00000| Complete 
|  92|0x000000070fc00000, 0x000000070fe00000, 0x000000070fe00000|100%| E|CS|TAMS 0x000000070fc00000| PB 0x000000070fc00000| Complete 
|  93|0x000000070fe00000, 0x0000000710000000, 0x0000000710000000|100%| E|CS|TAMS 0x000000070fe00000| PB 0x000000070fe00000| Complete 
|  94|0x0000000710000000, 0x0000000710200000, 0x0000000710200000|100%| E|CS|TAMS 0x0000000710000000| PB 0x0000000710000000| Complete 
|  95|0x0000000710200000, 0x0000000710400000, 0x0000000710400000|100%| E|CS|TAMS 0x0000000710200000| PB 0x0000000710200000| Complete 
|  96|0x0000000710400000, 0x0000000710600000, 0x0000000710600000|100%| E|CS|TAMS 0x0000000710400000| PB 0x0000000710400000| Complete 
|  97|0x0000000710600000, 0x0000000710800000, 0x0000000710800000|100%| E|CS|TAMS 0x0000000710600000| PB 0x0000000710600000| Complete 
|  98|0x0000000710800000, 0x0000000710a00000, 0x0000000710a00000|100%| E|CS|TAMS 0x0000000710800000| PB 0x0000000710800000| Complete 
|  99|0x0000000710a00000, 0x0000000710c00000, 0x0000000710c00000|100%| E|CS|TAMS 0x0000000710a00000| PB 0x0000000710a00000| Complete 
| 100|0x0000000710c00000, 0x0000000710e00000, 0x0000000710e00000|100%| E|CS|TAMS 0x0000000710c00000| PB 0x0000000710c00000| Complete 
| 101|0x0000000710e00000, 0x0000000711000000, 0x0000000711000000|100%| E|CS|TAMS 0x0000000710e00000| PB 0x0000000710e00000| Complete 
| 102|0x0000000711000000, 0x0000000711200000, 0x0000000711200000|100%| E|CS|TAMS 0x0000000711000000| PB 0x0000000711000000| Complete 
| 103|0x0000000711200000, 0x0000000711400000, 0x0000000711400000|100%| E|CS|TAMS 0x0000000711200000| PB 0x0000000711200000| Complete 
| 104|0x0000000711400000, 0x0000000711600000, 0x0000000711600000|100%| E|CS|TAMS 0x0000000711400000| PB 0x0000000711400000| Complete 
| 105|0x0000000711600000, 0x0000000711800000, 0x0000000711800000|100%| E|CS|TAMS 0x0000000711600000| PB 0x0000000711600000| Complete 
| 106|0x0000000711800000, 0x0000000711a00000, 0x0000000711a00000|100%| E|CS|TAMS 0x0000000711800000| PB 0x0000000711800000| Complete 
| 107|0x0000000711a00000, 0x0000000711c00000, 0x0000000711c00000|100%| E|CS|TAMS 0x0000000711a00000| PB 0x0000000711a00000| Complete 
| 108|0x0000000711c00000, 0x0000000711e00000, 0x0000000711e00000|100%| E|CS|TAMS 0x0000000711c00000| PB 0x0000000711c00000| Complete 
| 109|0x0000000711e00000, 0x0000000712000000, 0x0000000712000000|100%| E|CS|TAMS 0x0000000711e00000| PB 0x0000000711e00000| Complete 
| 110|0x0000000712000000, 0x0000000712200000, 0x0000000712200000|100%| E|CS|TAMS 0x0000000712000000| PB 0x0000000712000000| Complete 
| 111|0x0000000712200000, 0x0000000712400000, 0x0000000712400000|100%| E|CS|TAMS 0x0000000712200000| PB 0x0000000712200000| Complete 
| 112|0x0000000712400000, 0x0000000712600000, 0x0000000712600000|100%| E|CS|TAMS 0x0000000712400000| PB 0x0000000712400000| Complete 
| 113|0x0000000712600000, 0x0000000712800000, 0x0000000712800000|100%| E|CS|TAMS 0x0000000712600000| PB 0x0000000712600000| Complete 
| 114|0x0000000712800000, 0x0000000712a00000, 0x0000000712a00000|100%| E|CS|TAMS 0x0000000712800000| PB 0x0000000712800000| Complete 
| 115|0x0000000712a00000, 0x0000000712c00000, 0x0000000712c00000|100%| E|CS|TAMS 0x0000000712a00000| PB 0x0000000712a00000| Complete 
| 116|0x0000000712c00000, 0x0000000712e00000, 0x0000000712e00000|100%| E|CS|TAMS 0x0000000712c00000| PB 0x0000000712c00000| Complete 
| 117|0x0000000712e00000, 0x0000000713000000, 0x0000000713000000|100%| E|CS|TAMS 0x0000000712e00000| PB 0x0000000712e00000| Complete 
| 118|0x0000000713000000, 0x0000000713200000, 0x0000000713200000|100%| E|CS|TAMS 0x0000000713000000| PB 0x0000000713000000| Complete 
| 119|0x0000000713200000, 0x0000000713400000, 0x0000000713400000|100%| E|CS|TAMS 0x0000000713200000| PB 0x0000000713200000| Complete 
| 120|0x0000000713400000, 0x0000000713600000, 0x0000000713600000|100%| E|CS|TAMS 0x0000000713400000| PB 0x0000000713400000| Complete 
| 121|0x0000000713600000, 0x0000000713800000, 0x0000000713800000|100%| E|CS|TAMS 0x0000000713600000| PB 0x0000000713600000| Complete 
| 122|0x0000000713800000, 0x0000000713a00000, 0x0000000713a00000|100%| E|CS|TAMS 0x0000000713800000| PB 0x0000000713800000| Complete 
| 123|0x0000000713a00000, 0x0000000713c00000, 0x0000000713c00000|100%| E|CS|TAMS 0x0000000713a00000| PB 0x0000000713a00000| Complete 
| 124|0x0000000713c00000, 0x0000000713e00000, 0x0000000713e00000|100%| E|CS|TAMS 0x0000000713c00000| PB 0x0000000713c00000| Complete 
| 125|0x0000000713e00000, 0x0000000714000000, 0x0000000714000000|100%| E|CS|TAMS 0x0000000713e00000| PB 0x0000000713e00000| Complete 

Card table byte_map: [0x000002d32ab20000,0x000002d32b300000] _byte_map_base: 0x000002d3272fe000

Marking Bits: (CMBitMap*) 0x000002d31223e510
 Bits: [0x000002d32b300000, 0x000002d32f1f0000)

Polling page: 0x000002d310970000

Metaspace:

Usage:
  Non-class:      8.58 MB used.
      Class:    968.62 KB used.
       Both:      9.52 MB used.

Virtual space:
  Non-class space:       64.00 MB reserved,       8.69 MB ( 14%) committed,  1 nodes.
      Class space:        1.00 GB reserved,       1.06 MB ( <1%) committed,  1 nodes.
             Both:        1.06 GB reserved,       9.75 MB ( <1%) committed. 

Chunk freelists:
   Non-Class:  6.42 MB
       Class:  14.98 MB
        Both:  21.40 MB

MaxMetaspaceSize: unlimited
CompressedClassSpaceSize: 1.00 GB
Initial GC threshold: 21.00 MB
Current GC threshold: 21.00 MB
CDS: on
 - commit_granule_bytes: 65536.
 - commit_granule_words: 8192.
 - virtual_space_node_default_size: 8388608.
 - enlarge_chunks_in_place: 1.
 - use_allocation_guard: 0.


Internal statistics:

num_allocs_failed_limit: 0.
num_arena_births: 186.
num_arena_deaths: 0.
num_vsnodes_births: 2.
num_vsnodes_deaths: 0.
num_space_committed: 156.
num_space_uncommitted: 0.
num_chunks_returned_to_freelist: 0.
num_chunks_taken_from_freelist: 302.
num_chunk_merges: 0.
num_chunk_splits: 209.
num_chunks_enlarged: 124.
num_inconsistent_stats: 0.

CodeHeap 'non-profiled nmethods': size=120000Kb used=1362Kb max_used=1362Kb free=118637Kb
 bounds [0x000002d322190000, 0x000002d322400000, 0x000002d3296c0000]
CodeHeap 'profiled nmethods': size=120000Kb used=3902Kb max_used=3902Kb free=116098Kb
 bounds [0x000002d31a6c0000, 0x000002d31aa90000, 0x000002d321bf0000]
CodeHeap 'non-nmethods': size=5760Kb used=1725Kb max_used=1751Kb free=4034Kb
 bounds [0x000002d321bf0000, 0x000002d321e60000, 0x000002d322190000]
 total_blobs=2710 nmethods=2094 adapters=521
 compilation: enabled
              stopped_count=0, restarted_count=0
 full_count=0

Compilation events (20 events):
Event: 16.156 Thread 0x000002d331ef8000 2084   !   4       java.lang.Throwable::printStackTrace (70 bytes)
Event: 16.158 Thread 0x000002d331ef8000 nmethod 2084 0x000002d3222dbc90 code [0x000002d3222dbea0, 0x000002d3222dc3d0]
Event: 16.172 Thread 0x000002d331ef8000 2085   !   4       java.util.Collections$SynchronizedMap::put (28 bytes)
Event: 16.173 Thread 0x000002d331ef8000 nmethod 2085 0x000002d3222dc890 code [0x000002d3222dca40, 0x000002d3222dcda8]
Event: 16.174 Thread 0x000002d331ef8000 2086       4       java.nio.MappedByteBuffer::limit (6 bytes)
Event: 16.174 Thread 0x000002d331ef8000 nmethod 2086 0x000002d3222dcf10 code [0x000002d3222dd0a0, 0x000002d3222dd1e0]
Event: 16.177 Thread 0x000002d331ef8000 2087       4       jdk.internal.vm.SharedThreadContainer::create (36 bytes)
Event: 16.180 Thread 0x000002d331ef8000 nmethod 2087 0x000002d3222dd310 code [0x000002d3222dd4e0, 0x000002d3222dda18]
Event: 16.180 Thread 0x000002d331ef8000 2088       4       java.net.DatagramSocket::receive (9 bytes)
Event: 16.203 Thread 0x000002d331ef8000 nmethod 2088 0x000002d3222de290 code [0x000002d3222de6a0, 0x000002d3222e0c68]
Event: 16.339 Thread 0x000002d331ef8000 2091       4       java.lang.Throwable::toString (45 bytes)
Event: 16.341 Thread 0x000002d331ef8000 nmethod 2091 0x000002d3222e3010 code [0x000002d3222e31e0, 0x000002d3222e3850]
Event: 16.377 Thread 0x000002d331ef8000 2092       4       java.io.OutputStream::write (9 bytes)
Event: 16.379 Thread 0x000002d331ef8000 nmethod 2092 0x000002d3222e3a10 code [0x000002d3222e3be0, 0x000002d3222e4180]
Event: 16.379 Thread 0x000002d331ef8000 2093       4       java.lang.invoke.LambdaForm$MH/0x000002d3330c6000::invoke (46 bytes)
Event: 16.380 Thread 0x000002d331ef8000 nmethod 2093 0x000002d3222e4390 code [0x000002d3222e4560, 0x000002d3222e4728]
Event: 16.385 Thread 0x000002d331efa400 2094   !   3       java.awt.event.InputEvent::canAccessSystemClipboard (57 bytes)
Event: 16.386 Thread 0x000002d331efa400 nmethod 2094 0x000002d31aa8d310 code [0x000002d31aa8d540, 0x000002d31aa8dca8]
Event: 16.435 Thread 0x000002d331efa400 2095  s    3       java.awt.Toolkit::getDefaultToolkit (53 bytes)
Event: 16.436 Thread 0x000002d331efa400 nmethod 2095 0x000002d31aa8df90 code [0x000002d31aa8e2a0, 0x000002d31aa8f3a0]

GC Heap History (8 events):
Event: 7.292 GC heap before
{Heap before GC invocations=0 (full 0):
 garbage-first heap   total 258048K, used 22528K [0x0000000704400000, 0x0000000800000000)
  region size 2048K, 11 young (22528K), 0 survivors (0K)
 Metaspace       used 7519K, committed 7680K, reserved 1114112K
  class space    used 741K, committed 832K, reserved 1048576K
}
Event: 7.295 GC heap after
{Heap after GC invocations=1 (full 0):
 garbage-first heap   total 258048K, used 4096K [0x0000000704400000, 0x0000000800000000)
  region size 2048K, 2 young (4096K), 2 survivors (4096K)
 Metaspace       used 7519K, committed 7680K, reserved 1114112K
  class space    used 741K, committed 832K, reserved 1048576K
}
Event: 7.367 GC heap before
{Heap before GC invocations=1 (full 0):
 garbage-first heap   total 258048K, used 36864K [0x0000000704400000, 0x0000000800000000)
  region size 2048K, 18 young (36864K), 2 survivors (4096K)
 Metaspace       used 7551K, committed 7744K, reserved 1114112K
  class space    used 741K, committed 832K, reserved 1048576K
}
Event: 7.369 GC heap after
{Heap after GC invocations=2 (full 0):
 garbage-first heap   total 258048K, used 4516K [0x0000000704400000, 0x0000000800000000)
  region size 2048K, 1 young (2048K), 1 survivors (2048K)
 Metaspace       used 7551K, committed 7744K, reserved 1114112K
  class space    used 741K, committed 832K, reserved 1048576K
}
Event: 7.629 GC heap before
{Heap before GC invocations=2 (full 0):
 garbage-first heap   total 258048K, used 156068K [0x0000000704400000, 0x0000000800000000)
  region size 2048K, 75 young (153600K), 1 survivors (2048K)
 Metaspace       used 7569K, committed 7744K, reserved 1114112K
  class space    used 741K, committed 832K, reserved 1048576K
}
Event: 7.630 GC heap after
{Heap after GC invocations=3 (full 0):
 garbage-first heap   total 258048K, used 4127K [0x0000000704400000, 0x0000000800000000)
  region size 2048K, 1 young (2048K), 1 survivors (2048K)
 Metaspace       used 7569K, committed 7744K, reserved 1114112K
  class space    used 741K, committed 832K, reserved 1048576K
}
Event: 10.175 GC heap before
{Heap before GC invocations=3 (full 0):
 garbage-first heap   total 258048K, used 161823K [0x0000000704400000, 0x0000000800000000)
  region size 2048K, 75 young (153600K), 1 survivors (2048K)
 Metaspace       used 9576K, committed 9856K, reserved 1114112K
  class space    used 958K, committed 1088K, reserved 1048576K
}
Event: 10.179 GC heap after
{Heap after GC invocations=4 (full 0):
 garbage-first heap   total 258048K, used 14565K [0x0000000704400000, 0x0000000800000000)
  region size 2048K, 4 young (8192K), 4 survivors (8192K)
 Metaspace       used 9576K, committed 9856K, reserved 1114112K
  class space    used 958K, committed 1088K, reserved 1048576K
}

Dll operation events (20 events):
Event: 7.627 Loaded shared library C:\Program Files\Java\jdk-21\bin\vcruntime140_1.dll
Event: 7.638 Loaded shared library C:\Program Files\Java\jdk-21\bin\msvcp140.dll
Event: 7.649 Loaded shared library C:\Windows\System32\msvcp140_1.dll
Event: 7.660 Loaded shared library C:\Windows\System32\concrt140.dll
Event: 7.671 Loaded shared library C:\Windows\System32\vcomp140.dll
Event: 7.710 Loaded shared library C:\Users\Cong Minh\.javacpp\cache\ffmpeg-windows-x86_64.jar\org\bytedeco\ffmpeg\windows-x86_64\avutil-59.dll
Event: 7.757 Loaded shared library C:\Users\Cong Minh\.javacpp\cache\ffmpeg-windows-x86_64.jar\org\bytedeco\ffmpeg\windows-x86_64\jniavutil.dll
Event: 7.764 Loaded shared library C:\Users\Cong Minh\.javacpp\cache\javacpp-windows-x86_64.jar\org\bytedeco\javacpp\windows-x86_64\jnijavacpp.dll
Event: 7.795 Loaded shared library C:\Users\Cong Minh\.javacpp\cache\ffmpeg-windows-x86_64.jar\org\bytedeco\ffmpeg\windows-x86_64\swresample-5.dll
Event: 7.801 Loaded shared library C:\Users\Cong Minh\.javacpp\cache\ffmpeg-windows-x86_64.jar\org\bytedeco\ffmpeg\windows-x86_64\jniswresample.dll
Event: 7.811 Loaded shared library C:\Users\Cong Minh\.javacpp\cache\ffmpeg-windows-x86_64.jar\org\bytedeco\ffmpeg\windows-x86_64\avcodec-61.dll
Event: 7.817 Loaded shared library C:\Users\Cong Minh\.javacpp\cache\ffmpeg-windows-x86_64.jar\org\bytedeco\ffmpeg\windows-x86_64\jniavcodec.dll
Event: 7.829 Loaded shared library C:\Users\Cong Minh\.javacpp\cache\ffmpeg-windows-x86_64.jar\org\bytedeco\ffmpeg\windows-x86_64\avformat-61.dll
Event: 7.835 Loaded shared library C:\Users\Cong Minh\.javacpp\cache\ffmpeg-windows-x86_64.jar\org\bytedeco\ffmpeg\windows-x86_64\jniavformat.dll
Event: 7.844 Loaded shared library C:\Users\Cong Minh\.javacpp\cache\ffmpeg-windows-x86_64.jar\org\bytedeco\ffmpeg\windows-x86_64\swscale-8.dll
Event: 7.849 Loaded shared library C:\Users\Cong Minh\.javacpp\cache\ffmpeg-windows-x86_64.jar\org\bytedeco\ffmpeg\windows-x86_64\jniswscale.dll
Event: 7.866 Loaded shared library C:\Users\Cong Minh\.javacpp\cache\ffmpeg-windows-x86_64.jar\org\bytedeco\ffmpeg\windows-x86_64\avfilter-10.dll
Event: 7.872 Loaded shared library C:\Users\Cong Minh\.javacpp\cache\ffmpeg-windows-x86_64.jar\org\bytedeco\ffmpeg\windows-x86_64\jniavfilter.dll
Event: 7.880 Loaded shared library C:\Users\Cong Minh\.javacpp\cache\ffmpeg-windows-x86_64.jar\org\bytedeco\ffmpeg\windows-x86_64\avdevice-61.dll
Event: 7.885 Loaded shared library C:\Users\Cong Minh\.javacpp\cache\ffmpeg-windows-x86_64.jar\org\bytedeco\ffmpeg\windows-x86_64\jniavdevice.dll

Deoptimization events (20 events):
Event: 10.313 Thread 0x000002d377919640 Uncommon trap: trap_request=0xffffff45 fr.pc=0x000002d32227ac54 relative=0x0000000000001694
Event: 10.313 Thread 0x000002d377919640 Uncommon trap: reason=unstable_if action=reinterpret pc=0x000002d32227ac54 method=java.util.concurrent.ConcurrentHashMap.transfer([Ljava/util/concurrent/ConcurrentHashMap$Node;[Ljava/util/concurrent/ConcurrentHashMap$Node;)V @ 26 c2
Event: 10.313 Thread 0x000002d377919640 DEOPT PACKING pc=0x000002d32227ac54 sp=0x000000d5bf1fe900
Event: 10.313 Thread 0x000002d377919640 DEOPT UNPACKING pc=0x000002d321c47da2 sp=0x000000d5bf1fe870 mode 2
Event: 11.319 Thread 0x000002d377919640 Uncommon trap: trap_request=0xffffff45 fr.pc=0x000002d3222694b4 relative=0x0000000000000174
Event: 11.319 Thread 0x000002d377919640 Uncommon trap: reason=unstable_if action=reinterpret pc=0x000002d3222694b4 method=org.bytedeco.javacpp.Pointer.equals(Ljava/lang/Object;)Z @ 8 c2
Event: 11.319 Thread 0x000002d377919640 DEOPT PACKING pc=0x000002d3222694b4 sp=0x000000d5bf1fec70
Event: 11.319 Thread 0x000002d377919640 DEOPT UNPACKING pc=0x000002d321c47da2 sp=0x000000d5bf1fec18 mode 2
Event: 11.321 Thread 0x000002d377919640 Uncommon trap: trap_request=0xfffffff4 fr.pc=0x000002d3222b4aa8 relative=0x00000000000001c8
Event: 11.321 Thread 0x000002d377919640 Uncommon trap: reason=null_check action=make_not_entrant pc=0x000002d3222b4aa8 method=org.bytedeco.javacpp.Pointer.releaseReference()Z @ 4 c2
Event: 11.321 Thread 0x000002d377919640 DEOPT PACKING pc=0x000002d3222b4aa8 sp=0x000000d5bf1fedd0
Event: 11.321 Thread 0x000002d377919640 DEOPT UNPACKING pc=0x000002d321c47da2 sp=0x000000d5bf1fed90 mode 2
Event: 14.111 Thread 0x000002d377919640 Uncommon trap: trap_request=0xffffff45 fr.pc=0x000002d3222c68f0 relative=0x0000000000001db0
Event: 14.111 Thread 0x000002d377919640 Uncommon trap: reason=unstable_if action=reinterpret pc=0x000002d3222c68f0 method=java.util.HashMap$TreeNode.putTreeVal(Ljava/util/HashMap;[Ljava/util/HashMap$Node;ILjava/lang/Object;Ljava/lang/Object;)Ljava/util/HashMap$TreeNode; @ 48 c2
Event: 14.111 Thread 0x000002d377919640 DEOPT PACKING pc=0x000002d3222c68f0 sp=0x000000d5bf1fe9f0
Event: 14.111 Thread 0x000002d377919640 DEOPT UNPACKING pc=0x000002d321c47da2 sp=0x000000d5bf1fe9a8 mode 2
Event: 14.111 Thread 0x000002d377919640 Uncommon trap: trap_request=0xffffff45 fr.pc=0x000002d32226d5e4 relative=0x00000000000003c4
Event: 14.111 Thread 0x000002d377919640 Uncommon trap: reason=unstable_if action=reinterpret pc=0x000002d32226d5e4 method=java.util.HashMap$TreeNode.find(ILjava/lang/Object;Ljava/lang/Class;)Ljava/util/HashMap$TreeNode; @ 39 c2
Event: 14.111 Thread 0x000002d377919640 DEOPT PACKING pc=0x000002d32226d5e4 sp=0x000000d5bf1fddb0
Event: 14.111 Thread 0x000002d377919640 DEOPT UNPACKING pc=0x000002d321c47da2 sp=0x000000d5bf1fdd20 mode 2

Classes loaded (20 events):
Event: 16.459 Loading class java/awt/image/DataBuffer
Event: 16.459 Loading class java/awt/image/DataBuffer done
Event: 16.459 Loading class java/awt/image/DataBuffer$1
Event: 16.459 Loading class sun/awt/image/SunWritableRaster$DataStealer
Event: 16.459 Loading class sun/awt/image/SunWritableRaster$DataStealer done
Event: 16.459 Loading class java/awt/image/DataBuffer$1 done
Event: 16.459 Loading class sun/awt/image/SunWritableRaster
Event: 16.459 Loading class sun/awt/image/SunWritableRaster done
Event: 16.459 Loading class java/awt/image/DataBufferByte
Event: 16.459 Loading class java/awt/image/DataBufferByte done
Event: 16.461 Loading class java/awt/image/PixelInterleavedSampleModel
Event: 16.461 Loading class java/awt/image/PixelInterleavedSampleModel done
Event: 16.461 Loading class sun/awt/image/ByteInterleavedRaster
Event: 16.461 Loading class sun/awt/image/ByteComponentRaster
Event: 16.461 Loading class sun/awt/image/ByteComponentRaster done
Event: 16.461 Loading class sun/awt/image/ByteInterleavedRaster done
Event: 16.461 Loading class sun/awt/image/NativeLibLoader
Event: 16.461 Loading class sun/awt/image/NativeLibLoader done
Event: 16.461 Loading class sun/awt/image/NativeLibLoader$1
Event: 16.461 Loading class sun/awt/image/NativeLibLoader$1 done

Classes unloaded (0 events):
No events

Classes redefined (0 events):
No events

Internal exceptions (20 events):
Event: 0.180 Thread 0x000002d377919640 Exception <a 'java/lang/NoSuchMethodError'{0x00000007137a3240}: 'java.lang.Object java.lang.invoke.DirectMethodHandle$Holder.newInvokeSpecial(java.lang.Object, java.lang.Object, java.lang.Object, java.lang.Object, java.lang.Object)'> (0x00000007137a3240) 
thrown [s\open\src\hotspot\share\interpreter\linkResolver.cpp, line 773]
Event: 0.183 Thread 0x000002d377919640 Exception <a 'java/lang/NoSuchMethodError'{0x000000071340c1d0}: 'java.lang.Object java.lang.invoke.DirectMethodHandle$Holder.invokeStatic(java.lang.Object, int, java.lang.Object)'> (0x000000071340c1d0) 
thrown [s\open\src\hotspot\share\interpreter\linkResolver.cpp, line 773]
Event: 0.194 Thread 0x000002d377919640 Exception <a 'java/lang/ClassNotFoundException'{0x00000007134ab900}: com/sun/swing/internal/plaf/metal/resources/spi/metalProvider> (0x00000007134ab900) 
thrown [s\open\src\hotspot\share\classfile\systemDictionary.cpp, line 312]
Event: 0.194 Thread 0x000002d377919640 Exception <a 'java/lang/ClassNotFoundException'{0x00000007134af860}: com/sun/swing/internal/plaf/basic/resources/spi/basicProvider> (0x00000007134af860) 
thrown [s\open\src\hotspot\share\classfile\systemDictionary.cpp, line 312]
Event: 0.200 Thread 0x000002d377919640 Exception <a 'java/lang/NoSuchMethodError'{0x00000007134ce958}: 'int java.lang.invoke.Invokers$Holder.invokeExact_MT(java.lang.Object, java.lang.Object)'> (0x00000007134ce958) 
thrown [s\open\src\hotspot\share\interpreter\linkResolver.cpp, line 773]
Event: 0.205 Thread 0x000002d377900320 Exception <a 'java/lang/NoSuchMethodError'{0x00000007136f0148}: 'void java.lang.invoke.DirectMethodHandle$Holder.invokeVirtual(java.lang.Object, java.lang.Object)'> (0x00000007136f0148) 
thrown [s\open\src\hotspot\share\interpreter\linkResolver.cpp, line 773]
Event: 0.215 Thread 0x000002d377919640 Exception <a 'java/lang/NoSuchMethodError'{0x00000007134f4db0}: 'void java.lang.invoke.DirectMethodHandle$Holder.invokeStaticInit(java.lang.Object)'> (0x00000007134f4db0) 
thrown [s\open\src\hotspot\share\interpreter\linkResolver.cpp, line 773]
Event: 0.250 Thread 0x000002d377919640 Exception <a 'java/lang/NoSuchMethodError'{0x0000000713554c70}: 'void java.lang.invoke.DirectMethodHandle$Holder.invokeStatic(java.lang.Object, java.lang.Object, java.lang.Object)'> (0x0000000713554c70) 
thrown [s\open\src\hotspot\share\interpreter\linkResolver.cpp, line 773]
Event: 0.253 Thread 0x000002d377919640 Exception <a 'java/lang/NoSuchMethodError'{0x0000000713561f68}: 'java.lang.Object java.lang.invoke.DirectMethodHandle$Holder.newInvokeSpecial(java.lang.Object, java.lang.Object, int, java.lang.Object)'> (0x0000000713561f68) 
thrown [s\open\src\hotspot\share\interpreter\linkResolver.cpp, line 773]
Event: 0.254 Thread 0x000002d377919640 Exception <a 'java/lang/NoSuchMethodError'{0x0000000713566790}: 'java.lang.Object java.lang.invoke.DirectMethodHandle$Holder.invokeSpecial(java.lang.Object, java.lang.Object, java.lang.Object, int, java.lang.Object)'> (0x0000000713566790) 
thrown [s\open\src\hotspot\share\interpreter\linkResolver.cpp, line 773]
Event: 0.254 Thread 0x000002d377919640 Exception <a 'java/lang/NoSuchMethodError'{0x000000071356a0f0}: 'java.lang.Object java.lang.invoke.Invokers$Holder.invoke_MT(java.lang.Object, java.lang.Object, int, java.lang.Object, java.lang.Object)'> (0x000000071356a0f0) 
thrown [s\open\src\hotspot\share\interpreter\linkResolver.cpp, line 773]
Event: 7.256 Thread 0x000002d377919640 Exception <a 'java/lang/NoSuchMethodError'{0x000000071337ad58}: 'int java.lang.invoke.DirectMethodHandle$Holder.invokeStaticInit(java.lang.Object, java.lang.Object, java.lang.Object, java.lang.Object)'> (0x000000071337ad58) 
thrown [s\open\src\hotspot\share\interpreter\linkResolver.cpp, line 773]
Event: 7.256 Thread 0x000002d377919640 Exception <a 'java/lang/NoSuchMethodError'{0x00000007133835b8}: 'java.lang.Object java.lang.invoke.DirectMethodHandle$Holder.invokeInterface(java.lang.Object, java.lang.Object)'> (0x00000007133835b8) 
thrown [s\open\src\hotspot\share\interpreter\linkResolver.cpp, line 773]
Event: 7.257 Thread 0x000002d377919640 Exception <a 'java/lang/IncompatibleClassChangeError'{0x0000000713386ed0}: Found class java.lang.Object, but interface was expected> (0x0000000713386ed0) 
thrown [s\open\src\hotspot\share\interpreter\linkResolver.cpp, line 840]
Event: 7.257 Thread 0x000002d377919640 Exception <a 'java/lang/NoSuchMethodError'{0x00000007133898d8}: 'void java.lang.invoke.DirectMethodHandle$Holder.invokeStatic(java.lang.Object, java.lang.Object)'> (0x00000007133898d8) 
thrown [s\open\src\hotspot\share\interpreter\linkResolver.cpp, line 773]
Event: 7.257 Thread 0x000002d377919640 Exception <a 'java/lang/NoSuchMethodError'{0x000000071338cc40}: 'void java.lang.invoke.DirectMethodHandle$Holder.invokeStaticInit(java.lang.Object, java.lang.Object)'> (0x000000071338cc40) 
thrown [s\open\src\hotspot\share\interpreter\linkResolver.cpp, line 773]
Event: 7.257 Thread 0x000002d377919640 Exception <a 'java/lang/NoSuchMethodError'{0x0000000713392228}: 'int java.lang.invoke.DirectMethodHandle$Holder.invokeStaticInit(java.lang.Object, java.lang.Object)'> (0x0000000713392228) 
thrown [s\open\src\hotspot\share\interpreter\linkResolver.cpp, line 773]
Event: 7.702 Thread 0x000002d377919640 Implicit null exception at 0x000002d322226ab3 to 0x000002d32222767c
Event: 11.319 Thread 0x000002d377919640 Implicit null exception at 0x000002d32226937f to 0x000002d3222694a0
Event: 11.321 Thread 0x000002d377919640 Implicit null exception at 0x000002d3222b4923 to 0x000002d3222b4a98

ZGC Phase Switch (0 events):
No events

VM Operations (20 events):
Event: 7.367 Executing VM operation: G1CollectForAllocation (G1 Evacuation Pause)
Event: 7.369 Executing VM operation: G1CollectForAllocation (G1 Evacuation Pause) done
Event: 7.629 Executing VM operation: G1CollectForAllocation (G1 Evacuation Pause)
Event: 7.630 Executing VM operation: G1CollectForAllocation (G1 Evacuation Pause) done
Event: 8.565 Executing VM operation: ICBufferFull
Event: 8.565 Executing VM operation: ICBufferFull done
Event: 9.575 Executing VM operation: Cleanup
Event: 9.575 Executing VM operation: Cleanup done
Event: 10.175 Executing VM operation: G1CollectForAllocation (G1 Evacuation Pause)
Event: 10.179 Executing VM operation: G1CollectForAllocation (G1 Evacuation Pause) done
Event: 11.180 Executing VM operation: Cleanup
Event: 11.180 Executing VM operation: Cleanup done
Event: 12.183 Executing VM operation: Cleanup
Event: 12.183 Executing VM operation: Cleanup done
Event: 14.192 Executing VM operation: Cleanup
Event: 14.192 Executing VM operation: Cleanup done
Event: 15.195 Executing VM operation: Cleanup
Event: 15.195 Executing VM operation: Cleanup done
Event: 16.199 Executing VM operation: Cleanup
Event: 16.199 Executing VM operation: Cleanup done

Events (20 events):
Event: 0.025 Thread 0x000002d331eea930 Thread added: 0x000002d331eea930
Event: 0.025 Thread 0x000002d331ef8000 Thread added: 0x000002d331ef8000
Event: 0.025 Thread 0x000002d331efa400 Thread added: 0x000002d331efa400
Event: 0.040 Thread 0x000002d3771c6030 Thread added: 0x000002d3771c6030
Event: 0.056 Thread 0x000002d3772bb4b0 Thread added: 0x000002d3772bb4b0
Event: 0.077 Thread 0x000002d37745b4c0 Thread added: 0x000002d37745b4c0
Event: 0.079 Thread 0x000002d37738b900 Thread added: 0x000002d37738b900
Event: 0.148 Thread 0x000002d3778fa610 Thread added: 0x000002d3778fa610
Event: 0.149 Thread 0x000002d3778feca0 Thread added: 0x000002d3778feca0
Event: 0.150 Thread 0x000002d377900320 Thread added: 0x000002d377900320
Event: 0.157 Thread 0x000002d377919640 Thread added: 0x000002d377919640
Event: 0.157 Thread 0x000002d3121df8f0 Thread exited: 0x000002d3121df8f0
Event: 0.157 Thread 0x000002d3121df8f0 Thread added: 0x000002d3121df8f0
Event: 0.324 Thread 0x000002d37738b900 Thread exited: 0x000002d37738b900
Event: 1.116 Thread 0x000002d37745b4c0 Thread exited: 0x000002d37745b4c0
Event: 7.269 Thread 0x000002d377af2fe0 Thread added: 0x000002d377af2fe0
Event: 7.276 Thread 0x000002d379558230 Thread added: 0x000002d379558230
Event: 7.761 Thread 0x000002d3796b5070 Thread added: 0x000002d3796b5070
Event: 8.666 Thread 0x000002d379558230 Thread exited: 0x000002d379558230
Event: 8.776 Thread 0x000002d377af2fe0 Thread exited: 0x000002d377af2fe0


Dynamic libraries:
0x00007ff7e28a0000 - 0x00007ff7e28b0000 	C:\Program Files\Java\jdk-21\bin\java.exe
0x00007ffdcb3c0000 - 0x00007ffdcb623000 	C:\WINDOWS\SYSTEM32\ntdll.dll
0x00007ffdc9f40000 - 0x00007ffdca008000 	C:\WINDOWS\System32\KERNEL32.DLL
0x00007ffdc87b0000 - 0x00007ffdc8b61000 	C:\WINDOWS\System32\KERNELBASE.dll
0x00007ffdc8ef0000 - 0x00007ffdc903b000 	C:\WINDOWS\System32\ucrtbase.dll
0x00007ffda9790000 - 0x00007ffda97a9000 	C:\Program Files\Java\jdk-21\bin\jli.dll
0x00007ffdc3110000 - 0x00007ffdc312b000 	C:\Program Files\Java\jdk-21\bin\VCRUNTIME140.dll
0x00007ffdcabc0000 - 0x00007ffdcac74000 	C:\WINDOWS\System32\ADVAPI32.dll
0x00007ffdc9e60000 - 0x00007ffdc9f09000 	C:\WINDOWS\System32\msvcrt.dll
0x00007ffdcb1e0000 - 0x00007ffdcb286000 	C:\WINDOWS\System32\sechost.dll
0x00007ffdcb030000 - 0x00007ffdcb146000 	C:\WINDOWS\System32\RPCRT4.dll
0x00007ffdc9c00000 - 0x00007ffdc9dc8000 	C:\WINDOWS\System32\USER32.dll
0x00007ffdc8ec0000 - 0x00007ffdc8ee7000 	C:\WINDOWS\System32\win32u.dll
0x00007ffdaf070000 - 0x00007ffdaf300000 	C:\WINDOWS\WinSxS\amd64_microsoft.windows.common-controls_6595b64144ccf1df_6.0.26100.2161_none_3e0cadb0e33078e1\COMCTL32.dll
0x00007ffdcac80000 - 0x00007ffdcacaa000 	C:\WINDOWS\System32\GDI32.dll
0x00007ffdc9100000 - 0x00007ffdc9225000 	C:\WINDOWS\System32\gdi32full.dll
0x00007ffdc8cf0000 - 0x00007ffdc8d93000 	C:\WINDOWS\System32\msvcp_win.dll
0x00007ffdc2af0000 - 0x00007ffdc2afb000 	C:\WINDOWS\SYSTEM32\VERSION.dll
0x00007ffdca7a0000 - 0x00007ffdca7cf000 	C:\WINDOWS\System32\IMM32.DLL
0x00007ffdc30c0000 - 0x00007ffdc30cc000 	C:\Program Files\Java\jdk-21\bin\vcruntime140_1.dll
0x00007ffdb4080000 - 0x00007ffdb410e000 	C:\Program Files\Java\jdk-21\bin\msvcp140.dll
0x00007ffd6cf80000 - 0x00007ffd6dc95000 	C:\Program Files\Java\jdk-21\bin\server\jvm.dll
0x00007ffdca720000 - 0x00007ffdca794000 	C:\WINDOWS\System32\WS2_32.dll
0x00007ffdc7490000 - 0x00007ffdc74de000 	C:\WINDOWS\SYSTEM32\POWRPROF.dll
0x00007ffdbe5c0000 - 0x00007ffdbe5f6000 	C:\WINDOWS\SYSTEM32\WINMM.dll
0x00007ffdc7470000 - 0x00007ffdc7484000 	C:\WINDOWS\SYSTEM32\UMPDC.dll
0x00007ffdc7710000 - 0x00007ffdc772a000 	C:\WINDOWS\SYSTEM32\kernel.appcore.dll
0x00007ffdc0cc0000 - 0x00007ffdc0cca000 	C:\Program Files\Java\jdk-21\bin\jimage.dll
0x00007ffdc61f0000 - 0x00007ffdc6431000 	C:\WINDOWS\SYSTEM32\DBGHELP.DLL
0x00007ffdcacb0000 - 0x00007ffdcb02d000 	C:\WINDOWS\System32\combase.dll
0x00007ffdc9b20000 - 0x00007ffdc9bf6000 	C:\WINDOWS\System32\OLEAUT32.dll
0x00007ffdb5080000 - 0x00007ffdb50b9000 	C:\WINDOWS\SYSTEM32\dbgcore.DLL
0x00007ffdc8e20000 - 0x00007ffdc8eb9000 	C:\WINDOWS\System32\bcryptPrimitives.dll
0x00007ffdb8bf0000 - 0x00007ffdb8c0f000 	C:\Program Files\Java\jdk-21\bin\java.dll
0x00007ffdca010000 - 0x00007ffdca70f000 	C:\WINDOWS\System32\SHELL32.dll
0x00007ffdc6520000 - 0x00007ffdc6d4d000 	C:\WINDOWS\SYSTEM32\windows.storage.dll
0x00007ffdc9800000 - 0x00007ffdc98d3000 	C:\WINDOWS\System32\SHCORE.dll
0x00007ffdc9ac0000 - 0x00007ffdc9b1d000 	C:\WINDOWS\System32\shlwapi.dll
0x00007ffdc86c0000 - 0x00007ffdc86ee000 	C:\WINDOWS\SYSTEM32\profapi.dll
0x00007ffd88bc0000 - 0x00007ffd88c97000 	C:\Program Files\Java\jdk-21\bin\jsvml.dll
0x00007ffdc0b60000 - 0x00007ffdc0b70000 	C:\Program Files\Java\jdk-21\bin\net.dll
0x00007ffdb7fb0000 - 0x00007ffdb80d6000 	C:\WINDOWS\SYSTEM32\WINHTTP.dll
0x00007ffdc7c10000 - 0x00007ffdc7c78000 	C:\WINDOWS\system32\mswsock.dll
0x00007ffdb84d0000 - 0x00007ffdb84e6000 	C:\Program Files\Java\jdk-21\bin\nio.dll
0x00007ffdb7af0000 - 0x00007ffdb7b08000 	C:\Program Files\Java\jdk-21\bin\zip.dll
0x00007ffd854e0000 - 0x00007ffd8566f000 	C:\Program Files\Java\jdk-21\bin\awt.dll
0x00007ffdc28f0000 - 0x00007ffdc298c000 	C:\WINDOWS\SYSTEM32\apphelp.dll
0x00007ffdc31d0000 - 0x00007ffdc327d000 	C:\WINDOWS\system32\uxtheme.dll
0x00007ffdcaa60000 - 0x00007ffdcabbb000 	C:\WINDOWS\System32\MSCTF.dll
0x00007ffdca7f0000 - 0x00007ffdca989000 	C:\WINDOWS\System32\ole32.dll
0x00007ffdc34d0000 - 0x00007ffdc34fe000 	C:\WINDOWS\system32\DWMAPI.DLL
0x00007ffd81540000 - 0x00007ffd8164c000 	C:\WINDOWS\system32\opengl32.dll
0x00007ffd81510000 - 0x00007ffd8153d000 	C:\WINDOWS\SYSTEM32\GLU32.dll
0x00007ffdc32b0000 - 0x00007ffdc32f5000 	C:\WINDOWS\SYSTEM32\dxcore.dll
0x00007ffd8bf10000 - 0x00007ffd8bf97000 	C:\Program Files\Java\jdk-21\bin\freetype.dll
0x00007ffd85400000 - 0x00007ffd854d3000 	C:\Program Files\Java\jdk-21\bin\fontmanager.dll
0x00007ffd88dc0000 - 0x00007ffd88f05000 	C:\WINDOWS\SYSTEM32\textinputframework.dll
0x00007ffdb8920000 - 0x00007ffdb8927000 	C:\Program Files\Java\jdk-21\bin\extnet.dll
0x000002d3109e0000 - 0x000002d3109e3000 	C:\Program Files\Java\jdk-21\bin\api-ms-win-crt-locale-l1-1-0.dll
0x000002d3122a0000 - 0x000002d3122a4000 	C:\Program Files\Java\jdk-21\bin\api-ms-win-crt-string-l1-1-0.dll
0x000002d3122b0000 - 0x000002d3122b4000 	C:\Program Files\Java\jdk-21\bin\api-ms-win-crt-stdio-l1-1-0.dll
0x000002d3122c0000 - 0x000002d3122c5000 	C:\Program Files\Java\jdk-21\bin\api-ms-win-crt-math-l1-1-0.dll
0x000002d3122d0000 - 0x000002d3122d3000 	C:\Program Files\Java\jdk-21\bin\api-ms-win-crt-heap-l1-1-0.dll
0x000002d3122e0000 - 0x000002d3122e4000 	C:\Program Files\Java\jdk-21\bin\api-ms-win-crt-runtime-l1-1-0.dll
0x000002d3122f0000 - 0x000002d3122f4000 	C:\Program Files\Java\jdk-21\bin\api-ms-win-crt-convert-l1-1-0.dll
0x000002d312310000 - 0x000002d312313000 	C:\Program Files\Java\jdk-21\bin\api-ms-win-crt-environment-l1-1-0.dll
0x000002d331f90000 - 0x000002d331f93000 	C:\Program Files\Java\jdk-21\bin\api-ms-win-crt-time-l1-1-0.dll
0x000002d331fa0000 - 0x000002d331fa3000 	C:\Program Files\Java\jdk-21\bin\api-ms-win-crt-filesystem-l1-1-0.dll
0x000002d331fb0000 - 0x000002d331fb3000 	C:\Program Files\Java\jdk-21\bin\api-ms-win-crt-utility-l1-1-0.dll
0x000002d331fc0000 - 0x000002d331fc5000 	C:\Program Files\Java\jdk-21\bin\api-ms-win-crt-multibyte-l1-1-0.dll
0x000002d331fd0000 - 0x000002d331fd3000 	C:\Program Files\Java\jdk-21\bin\api-ms-win-crt-conio-l1-1-0.dll
0x000002d331fe0000 - 0x000002d331ff0000 	C:\Program Files\Java\jdk-21\bin\api-ms-win-crt-private-l1-1-0.dll
0x000002d331ff0000 - 0x000002d331ff3000 	C:\Program Files\Java\jdk-21\bin\api-ms-win-crt-process-l1-1-0.dll
0x000002d37a560000 - 0x000002d37a563000 	C:\Program Files\Java\jdk-21\bin\api-ms-win-core-console-l1-2-0.dll
0x000002d37a570000 - 0x000002d37a573000 	C:\Program Files\Java\jdk-21\bin\api-ms-win-core-string-l1-1-0.dll
0x000002d37a580000 - 0x000002d37a583000 	C:\Program Files\Java\jdk-21\bin\api-ms-win-core-errorhandling-l1-1-0.dll
0x000002d37a590000 - 0x000002d37a593000 	C:\Program Files\Java\jdk-21\bin\api-ms-win-core-timezone-l1-1-0.dll
0x000002d37a5a0000 - 0x000002d37a5a4000 	C:\Program Files\Java\jdk-21\bin\api-ms-win-core-file-l1-1-0.dll
0x000002d37a5b0000 - 0x000002d37a5b3000 	C:\Program Files\Java\jdk-21\bin\api-ms-win-core-namedpipe-l1-1-0.dll
0x000002d37a5c0000 - 0x000002d37a5c3000 	C:\Program Files\Java\jdk-21\bin\api-ms-win-core-handle-l1-1-0.dll
0x000002d37a5d0000 - 0x000002d37a5d3000 	C:\Program Files\Java\jdk-21\bin\api-ms-win-core-file-l2-1-0.dll
0x000002d37a5e0000 - 0x000002d37a5e3000 	C:\Program Files\Java\jdk-21\bin\api-ms-win-core-heap-l1-1-0.dll
0x000002d37a5f0000 - 0x000002d37a5f3000 	C:\Program Files\Java\jdk-21\bin\api-ms-win-core-libraryloader-l1-1-0.dll
0x000002d37a600000 - 0x000002d37a603000 	C:\Program Files\Java\jdk-21\bin\api-ms-win-core-synch-l1-1-0.dll
0x000002d37a610000 - 0x000002d37a613000 	C:\Program Files\Java\jdk-21\bin\api-ms-win-core-processthreads-l1-1-0.dll
0x000002d37a620000 - 0x000002d37a623000 	C:\Program Files\Java\jdk-21\bin\api-ms-win-core-processenvironment-l1-1-0.dll
0x000002d37a630000 - 0x000002d37a633000 	C:\Program Files\Java\jdk-21\bin\api-ms-win-core-datetime-l1-1-0.dll
0x000002d37a640000 - 0x000002d37a643000 	C:\Program Files\Java\jdk-21\bin\api-ms-win-core-localization-l1-2-0.dll
0x000002d37a650000 - 0x000002d37a653000 	C:\Program Files\Java\jdk-21\bin\api-ms-win-core-sysinfo-l1-1-0.dll
0x000002d37a660000 - 0x000002d37a663000 	C:\Program Files\Java\jdk-21\bin\api-ms-win-core-synch-l1-2-0.dll
0x000002d37a670000 - 0x000002d37a673000 	C:\Program Files\Java\jdk-21\bin\api-ms-win-core-console-l1-1-0.dll
0x000002d37a680000 - 0x000002d37a683000 	C:\Program Files\Java\jdk-21\bin\api-ms-win-core-debug-l1-1-0.dll
0x000002d37a690000 - 0x000002d37a693000 	C:\Program Files\Java\jdk-21\bin\api-ms-win-core-rtlsupport-l1-1-0.dll
0x000002d37a6a0000 - 0x000002d37a6a3000 	C:\Program Files\Java\jdk-21\bin\api-ms-win-core-processthreads-l1-1-1.dll
0x000002d37a6b0000 - 0x000002d37a6b3000 	C:\Program Files\Java\jdk-21\bin\api-ms-win-core-file-l1-2-0.dll
0x000002d37a6c0000 - 0x000002d37a6c3000 	C:\Program Files\Java\jdk-21\bin\api-ms-win-core-profile-l1-1-0.dll
0x000002d37a6d0000 - 0x000002d37a6d3000 	C:\Program Files\Java\jdk-21\bin\api-ms-win-core-memory-l1-1-0.dll
0x000002d37a6e0000 - 0x000002d37a6e3000 	C:\Program Files\Java\jdk-21\bin\api-ms-win-core-util-l1-1-0.dll
0x000002d37a6f0000 - 0x000002d37a6f3000 	C:\Program Files\Java\jdk-21\bin\api-ms-win-core-interlocked-l1-1-0.dll
0x00007ffd6f7c0000 - 0x00007ffd6f8c0000 	C:\Program Files\Java\jdk-21\bin\ucrtbase.dll
0x00007ffdc29f0000 - 0x00007ffdc29f9000 	C:\Windows\System32\msvcp140_1.dll
0x00007ffdaf540000 - 0x00007ffdaf58d000 	C:\Windows\System32\concrt140.dll
0x00007ffda9760000 - 0x00007ffda9790000 	C:\Windows\System32\vcomp140.dll
0x00007ffd27ff0000 - 0x00007ffd2957c000 	C:\Users\Cong Minh\.javacpp\cache\ffmpeg-windows-x86_64.jar\org\bytedeco\ffmpeg\windows-x86_64\avutil-59.dll
0x00007ffdc8b70000 - 0x00007ffdc8ce6000 	C:\WINDOWS\System32\CRYPT32.dll
0x00007ffdc8080000 - 0x00007ffdc80a6000 	C:\WINDOWS\SYSTEM32\bcrypt.dll
0x00007ffdc7ed0000 - 0x00007ffdc7edc000 	C:\WINDOWS\SYSTEM32\CRYPTBASE.DLL
0x00007ffd6adb0000 - 0x00007ffd6aeca000 	C:\Users\Cong Minh\.javacpp\cache\ffmpeg-windows-x86_64.jar\org\bytedeco\ffmpeg\windows-x86_64\jniavutil.dll
0x00007ffd98e90000 - 0x00007ffd98ea9000 	C:\Users\Cong Minh\.javacpp\cache\javacpp-windows-x86_64.jar\org\bytedeco\javacpp\windows-x86_64\jnijavacpp.dll
0x00007ffd81200000 - 0x00007ffd81227000 	C:\Users\Cong Minh\.javacpp\cache\ffmpeg-windows-x86_64.jar\org\bytedeco\ffmpeg\windows-x86_64\swresample-5.dll
0x00007ffd803c0000 - 0x00007ffd803f5000 	C:\Users\Cong Minh\.javacpp\cache\ffmpeg-windows-x86_64.jar\org\bytedeco\ffmpeg\windows-x86_64\jniswresample.dll
0x00007ffd231a0000 - 0x00007ffd25b41000 	C:\Users\Cong Minh\.javacpp\cache\ffmpeg-windows-x86_64.jar\org\bytedeco\ffmpeg\windows-x86_64\avcodec-61.dll
0x00007ffd73480000 - 0x00007ffd73525000 	C:\Users\Cong Minh\.javacpp\cache\ffmpeg-windows-x86_64.jar\org\bytedeco\ffmpeg\windows-x86_64\jniavcodec.dll
0x00007ffd27540000 - 0x00007ffd27fef000 	C:\Users\Cong Minh\.javacpp\cache\ffmpeg-windows-x86_64.jar\org\bytedeco\ffmpeg\windows-x86_64\avformat-61.dll
0x00007ffd73170000 - 0x00007ffd73201000 	C:\Users\Cong Minh\.javacpp\cache\ffmpeg-windows-x86_64.jar\org\bytedeco\ffmpeg\windows-x86_64\jniavformat.dll
0x00007ffd71ec0000 - 0x00007ffd71f70000 	C:\Users\Cong Minh\.javacpp\cache\ffmpeg-windows-x86_64.jar\org\bytedeco\ffmpeg\windows-x86_64\swscale-8.dll
0x00007ffd7dcd0000 - 0x00007ffd7dd0a000 	C:\Users\Cong Minh\.javacpp\cache\ffmpeg-windows-x86_64.jar\org\bytedeco\ffmpeg\windows-x86_64\jniswscale.dll
0x00007ffd26f60000 - 0x00007ffd2753b000 	C:\Users\Cong Minh\.javacpp\cache\ffmpeg-windows-x86_64.jar\org\bytedeco\ffmpeg\windows-x86_64\avfilter-10.dll
0x00007ffd781f0000 - 0x00007ffd7824f000 	C:\Users\Cong Minh\.javacpp\cache\ffmpeg-windows-x86_64.jar\org\bytedeco\ffmpeg\windows-x86_64\jniavfilter.dll
0x00007ffd7dca0000 - 0x00007ffd7dccb000 	C:\Users\Cong Minh\.javacpp\cache\ffmpeg-windows-x86_64.jar\org\bytedeco\ffmpeg\windows-x86_64\avdevice-61.dll
0x00007ffd8f860000 - 0x00007ffd8f87b000 	C:\WINDOWS\SYSTEM32\AVICAP32.dll
0x00007ffd7db30000 - 0x00007ffd7db5c000 	C:\WINDOWS\SYSTEM32\MSVFW32.dll
0x00007ffd79a20000 - 0x00007ffd79a57000 	C:\Users\Cong Minh\.javacpp\cache\ffmpeg-windows-x86_64.jar\org\bytedeco\ffmpeg\windows-x86_64\jniavdevice.dll

dbghelp: loaded successfully - version: 4.0.5 - missing functions: none
symbol engine: initialized successfully - sym options: 0x614 - pdb path: .;C:\Program Files\Java\jdk-21\bin;C:\WINDOWS\SYSTEM32;C:\WINDOWS\WinSxS\amd64_microsoft.windows.common-controls_6595b64144ccf1df_6.0.26100.2161_none_3e0cadb0e33078e1;C:\Program Files\Java\jdk-21\bin\server;C:\Users\Cong Minh\.javacpp\cache\ffmpeg-windows-x86_64.jar\org\bytedeco\ffmpeg\windows-x86_64;C:\Users\Cong Minh\.javacpp\cache\javacpp-windows-x86_64.jar\org\bytedeco\javacpp\windows-x86_64

VM Arguments:
jvm_args: -Dfile.encoding=UTF-8 --module-path=D:\BaitaplonJava\build\classes 
java_command: baitaplonjava.VideoClientSwing
java_class_path (initial): C:\Users\Cong Minh\Desktop\javacv-platform-1.5.11-bin\javacv-platform-1.5.11-bin\ffmpeg.jar;C:\Users\Cong Minh\Desktop\javacv-platform-1.5.11-bin\javacv-platform-1.5.11-bin\flycapture.jar;C:\Users\Cong Minh\Desktop\javacv-platform-1.5.11-bin\javacv-platform-1.5.11-bin\javacv.jar;C:\Users\Cong Minh\Desktop\javacv-platform-1.5.11-bin\javacv-platform-1.5.11-bin\opencv.jar;C:\Users\Cong Minh\Desktop\javacv-platform-1.5.11-bin\javacv-platform-1.5.11-bin\videoinput.jar;C:\Users\Cong Minh\Desktop\javacv-platform-1.5.11-bin\javacv-platform-1.5.11-bin\javacpp.jar;C:\Users\Cong Minh\Desktop\javacv-platform-1.5.11-bin\javacv-platform-1.5.11-bin\openblas-platform.jar;C:\Users\Cong Minh\Desktop\javacv-platform-1.5.11-bin\javacv-platform-1.5.11-bin\opencv-platform.jar;C:\Users\Cong Minh\Desktop\javacv-platform-1.5.11-bin\javacv-platform-1.5.11-bin\ffmpeg-platform.jar;C:\Users\Cong Minh\Desktop\javacv-platform-1.5.11-bin\javacv-platform-1.5.11-bin\flycapture-platform.jar;C:\Users\Cong Minh\Desktop\javacv-platform-1.5.11-bin\javacv-platform-1.5.11-bin\javacv-platform.jar;C:\Users\Cong Minh\Desktop\javacv-platform-1.5.11-bin\javacv-platform-1.5.11-bin\artoolkitplus.jar;C:\Users\Cong Minh\Desktop\javacv-platform-1.5.11-bin\javacv-platform-1.5.11-bin\artoolkitplus-platform.jar;C:\Users\Cong Minh\Desktop\javacv-platform-1.5.11-bin\javacv-platform-1.5.11-bin\tesseract-platform.jar;C:\Users\Cong Minh\Desktop\javacv-platform-1.5.11-bin\javacv-platform-1.5.11-bin\libdc1394-platform.jar;C:\Users\Cong Minh\Desktop\javacv-platform-1.5.11-bin\javacv-platform-1.5.11-bin\librealsense2-platform.jar;D:\BaitaplonJava\build\classes
Launcher Type: SUN_STANDARD

[Global flags]
     intx CICompilerCount                          = 4                                         {product} {ergonomic}
     uint ConcGCThreads                            = 3                                         {product} {ergonomic}
     uint G1ConcRefinementThreads                  = 10                                        {product} {ergonomic}
   size_t G1HeapRegionSize                         = 2097152                                   {product} {ergonomic}
    uintx GCDrainStackTargetSize                   = 64                                        {product} {ergonomic}
   size_t InitialHeapSize                          = 264241152                                 {product} {ergonomic}
   size_t MarkStackSize                            = 4194304                                   {product} {ergonomic}
   size_t MaxHeapSize                              = 4223664128                                {product} {ergonomic}
   size_t MaxNewSize                               = 2533359616                                {product} {ergonomic}
   size_t MinHeapDeltaBytes                        = 2097152                                   {product} {ergonomic}
   size_t MinHeapSize                              = 8388608                                   {product} {ergonomic}
    uintx NonNMethodCodeHeapSize                   = 5839372                                {pd product} {ergonomic}
    uintx NonProfiledCodeHeapSize                  = 122909434                              {pd product} {ergonomic}
    uintx ProfiledCodeHeapSize                     = 122909434                              {pd product} {ergonomic}
    uintx ReservedCodeCacheSize                    = 251658240                              {pd product} {ergonomic}
     bool SegmentedCodeCache                       = true                                      {product} {ergonomic}
   size_t SoftMaxHeapSize                          = 4223664128                             {manageable} {ergonomic}
     bool UseCompressedOops                        = true                           {product lp64_product} {ergonomic}
     bool UseG1GC                                  = true                                      {product} {ergonomic}
     bool UseLargePagesIndividualAllocation        = false                                  {pd product} {ergonomic}

Logging:
Log output configuration:
 #0: stdout all=warning uptime,level,tags foldmultilines=false
 #1: stderr all=off uptime,level,tags foldmultilines=false

Environment Variables:
JAVA_HOME=C:\Program Files\Java\jdk-21
PATH=C:\Program Files (x86)\VMware\VMware Workstation\bin\;C:\Program Files\Common Files\Oracle\Java\javapath;C:\Windows\system32;C:\Windows;C:\Windows\System32\Wbem;C:\Windows\System32\WindowsPowerShell\v1.0\;C:\Windows\System32\OpenSSH\;C:\Program Files\NVIDIA Corporation\NVIDIA NvDLISR;C:\Program Files (x86)\NVIDIA Corporation\PhysX\Common;C:\Program Files\Java\jdk-21\bin;C:\WINDOWS\system32;C:\WINDOWS;C:\WINDOWS\System32\Wbem;C:\WINDOWS\System32\WindowsPowerShell\v1.0\;C:\WINDOWS\System32\OpenSSH\;C:\Program Files\Azure Data Studio\bin;C:\Program Files (x86)\GtkSharp\2.12\bin;C:\Program Files\dotnet\;C:\ProgramData\chocolatey\bin;C:\Program Files\Microsoft SQL Server\Client SDK\ODBC\170\Tools\Binn\;C:\Program Files (x86)\Microsoft SQL Server\160\Tools\Binn\;C:\Program Files\Microsoft SQL Server\160\Tools\Binn\;C:\Program Files\Microsoft SQL Server\160\DTS\Binn\;C:\Program Files (x86)\Microsoft SQL Server\160\DTS\Binn\;C:\Program Files\Cloudflare\Cloudflare WARP\;C:\Users\Cong Minh\AppData\Local\Programs\Python\Python311\Scripts\;C:\Users\Cong Minh\AppData\Local\Programs\Python\Python311\;C:\Users\Cong Minh\AppData\Local\Microsoft\WindowsApps;C:\Users\Cong Minh\AppData\Local\Programs\Microsoft VS Code\bin;C:\Program Files\Azure Data Studio\bin;C:\Users\Cong Minh\.dotnet\tools;C:\AppServ\Apache24\bin;C:\AppServ\php7;C:\AppServ\MySQL\bin;
USERNAME=Cong Minh
OS=Windows_NT
PROCESSOR_IDENTIFIER=Intel64 Family 6 Model 141 Stepping 1, GenuineIntel
TMP=C:\Users\CONGMI~1\AppData\Local\Temp
TEMP=C:\Users\CONGMI~1\AppData\Local\Temp




Periodic native trim disabled

---------------  S Y S T E M  ---------------

OS:
 Windows 11 , 64 bit Build 26100 (10.0.26100.2161)
OS uptime: 0 days 5:05 hours

CPU: total 12 (initial active 12) (6 cores per cpu, 2 threads per core) family 6 model 141 stepping 1 microcode 0x34, cx8, cmov, fxsr, ht, mmx, 3dnowpref, sse, sse2, sse3, ssse3, sse4.1, sse4.2, popcnt, lzcnt, tsc, tscinvbit, avx, avx2, aes, erms, clmul, bmi1, bmi2, adx, avx512f, avx512dq, avx512cd, avx512bw, avx512vl, sha, fma, vzeroupper, avx512_vpopcntdq, avx512_vpclmulqdq, avx512_vaes, avx512_vnni, clflush, clflushopt, clwb, avx512_vbmi2, avx512_vbmi, rdtscp, rdpid, fsrm, gfni, avx512_bitalg, f16c, pku, cet_ibt, cet_ss, avx512_ifma
Processor Information for all 12 processors :
  Max Mhz: 2688, Current Mhz: 2688, Mhz Limit: 2688

Memory: 4k page, system-wide physical 16105M (3083M free)
TotalPageFile size 22249M (AvailPageFile size 3201M)
current process WorkingSet (physical memory assigned to process): 283M, peak: 287M
current process commit charge ("private bytes"): 413M, peak: 421M

vm_info: Java HotSpot(TM) 64-Bit Server VM (21.0.1+12-LTS-29) for windows-amd64 JRE (21.0.1+12-LTS-29), built on 2023-10-05T13:27:09Z by "mach5one" with MS VC++ 17.1 (VS2022)

END.
